#
# There is insufficient memory for the Java Runtime Environment to continue.
# Native memory allocation (malloc) failed to allocate 2119232 bytes. Error detail: Chunk::new
# Possible reasons:
#   The system is out of physical RAM or swap space
#   This process is running with CompressedOops enabled, and the Java Heap may be blocking the growth of the native heap
# Possible solutions:
#   Reduce memory load on the system
#   Increase physical memory or swap space
#   Check if swap backing store is full
#   Decrease Java heap size (-Xmx/-Xms)
#   Decrease number of Java threads
#   Decrease Java thread stack sizes (-Xss)
#   Set larger code cache with -XX:ReservedCodeCacheSize=
#   JVM is running with Unscaled Compressed Oops mode in which the Java heap is
#     placed in the first 4GB address space. The Java Heap base address is the
#     maximum limit for the native heap growth. Please use -XX:HeapBaseMinAddress
#     to set the Java Heap base and to place the Java Heap above 4GB virtual address.
# This output file may be truncated or incomplete.
#
#  Out of Memory Error (arena.cpp:150), pid=15564, tid=5764
#
# JRE version: OpenJDK Runtime Environment (22.0.2+9) (build 22.0.2+9-70)
# Java VM: OpenJDK 64-Bit Server VM (22.0.2+9-70, mixed mode, sharing, tiered, compressed oops, compressed class ptrs, g1 gc, windows-amd64)
# No core dump will be written. Minidumps are not enabled by default on client versions of Windows
#

---------------  S U M M A R Y ------------

Command Line: --add-opens=java.base/java.util=ALL-UNNAMED --add-opens=java.base/java.lang=ALL-UNNAMED --add-opens=java.base/java.lang.invoke=ALL-UNNAMED --add-opens=java.prefs/java.util.prefs=ALL-UNNAMED --add-exports=jdk.compiler/com.sun.tools.javac.api=ALL-UNNAMED --add-exports=jdk.compiler/com.sun.tools.javac.util=ALL-UNNAMED --add-opens=java.base/java.nio.charset=ALL-UNNAMED --add-opens=java.base/java.net=ALL-UNNAMED --add-opens=java.base/java.util.concurrent.atomic=ALL-UNNAMED -XX:MaxMetaspaceSize=384m -XX:+HeapDumpOnOutOfMemoryError -Xms256m -Xmx512m -Dfile.encoding=UTF-8 -Duser.country=CL -Duser.language=es -Duser.variant -javaagent:C:\Users\Isaac\.gradle\wrapper\dists\gradle-8.10.1-bin\e90i968nv55tch01zkse4avv3\gradle-8.10.1\lib\agents\gradle-instrumentation-agent-8.10.1.jar org.gradle.launcher.daemon.bootstrap.GradleDaemon 8.10.1

Host: AMD Ryzen 3 3200G with Radeon Vega Graphics    , 4 cores, 7G,  Windows 10 , 64 bit Build 19041 (10.0.19041.1202)
Time: Sat Sep 21 21:34:53 2024 Hora est. Pacífico, Sudamérica elapsed time: 7.030001 seconds (0d 0h 0m 7s)

---------------  T H R E A D  ---------------

Current thread (0x0000013a3ac2a130):  JavaThread "C2 CompilerThread0" daemon [_thread_in_native, id=5764, stack(0x000000315ed00000,0x000000315ee00000) (1024K)]


Current CompileTask:
C2:7030 2920       4       java.lang.invoke.MethodType::makeImpl (109 bytes)

Stack: [0x000000315ed00000,0x000000315ee00000]
Native frames: (J=compiled Java code, j=interpreted, Vv=VM code, C=native code)
V  [jvm.dll+0x6e26e9]  (no source info available)
V  [jvm.dll+0x875753]  (no source info available)
V  [jvm.dll+0x877b7e]  (no source info available)
V  [jvm.dll+0x878253]  (no source info available)
V  [jvm.dll+0x27fc86]  (no source info available)
V  [jvm.dll+0xc3d0f]  (no source info available)
V  [jvm.dll+0xc3f6b]  (no source info available)
V  [jvm.dll+0x3bb47c]  (no source info available)
V  [jvm.dll+0x387d4b]  (no source info available)
V  [jvm.dll+0x3871ba]  (no source info available)
V  [jvm.dll+0x2477f8]  (no source info available)
V  [jvm.dll+0x246e9f]  (no source info available)
V  [jvm.dll+0x1c4e80]  (no source info available)
V  [jvm.dll+0x2568f3]  (no source info available)
V  [jvm.dll+0x254baa]  (no source info available)
V  [jvm.dll+0x3f57a6]  (no source info available)
V  [jvm.dll+0x81dc0b]  (no source info available)
V  [jvm.dll+0x6e0d85]  (no source info available)
C  [ucrtbase.dll+0x21bb2]  (no source info available)
C  [KERNEL32.DLL+0x17034]  (no source info available)
C  [ntdll.dll+0x52651]  (no source info available)


---------------  P R O C E S S  ---------------

Threads class SMR info:
_java_thread_list=0x0000013a55bac550, length=24, elements={
0x0000013a1e831b20, 0x0000013a3ac1ae20, 0x0000013a3ac1c090, 0x0000013a3ac1d460,
0x0000013a3ac1fed0, 0x0000013a3ac20930, 0x0000013a3ac293a0, 0x0000013a3ac2a130,
0x0000013a3ac408b0, 0x0000013a3abeed80, 0x0000013a54243fd0, 0x0000013a558bdbb0,
0x0000013a55aea170, 0x0000013a55b77330, 0x0000013a55b1d670, 0x0000013a55b1e0b0,
0x0000013a55b46160, 0x0000013a55b467d0, 0x0000013a55cee8d0, 0x0000013a55cece90,
0x0000013a55cee240, 0x0000013a55cef5f0, 0x0000013a55cefc80, 0x0000013a55ced520
}

Java Threads: ( => current thread )
  0x0000013a1e831b20 JavaThread "main"                              [_thread_blocked, id=14556, stack(0x000000315df00000,0x000000315e000000) (1024K)]
  0x0000013a3ac1ae20 JavaThread "Reference Handler"          daemon [_thread_blocked, id=8908, stack(0x000000315e700000,0x000000315e800000) (1024K)]
  0x0000013a3ac1c090 JavaThread "Finalizer"                  daemon [_thread_blocked, id=13884, stack(0x000000315e800000,0x000000315e900000) (1024K)]
  0x0000013a3ac1d460 JavaThread "Signal Dispatcher"          daemon [_thread_blocked, id=15752, stack(0x000000315e900000,0x000000315ea00000) (1024K)]
  0x0000013a3ac1fed0 JavaThread "Attach Listener"            daemon [_thread_blocked, id=3340, stack(0x000000315ea00000,0x000000315eb00000) (1024K)]
  0x0000013a3ac20930 JavaThread "Service Thread"             daemon [_thread_blocked, id=4552, stack(0x000000315eb00000,0x000000315ec00000) (1024K)]
  0x0000013a3ac293a0 JavaThread "Monitor Deflation Thread"   daemon [_thread_blocked, id=1524, stack(0x000000315ec00000,0x000000315ed00000) (1024K)]
=>0x0000013a3ac2a130 JavaThread "C2 CompilerThread0"         daemon [_thread_in_native, id=5764, stack(0x000000315ed00000,0x000000315ee00000) (1024K)]
  0x0000013a3ac408b0 JavaThread "C1 CompilerThread0"         daemon [_thread_blocked, id=16236, stack(0x000000315ee00000,0x000000315ef00000) (1024K)]
  0x0000013a3abeed80 JavaThread "Common-Cleaner"             daemon [_thread_blocked, id=8388, stack(0x000000315ef00000,0x000000315f000000) (1024K)]
  0x0000013a54243fd0 JavaThread "Notification Thread"        daemon [_thread_blocked, id=15540, stack(0x000000315f000000,0x000000315f100000) (1024K)]
  0x0000013a558bdbb0 JavaThread "Daemon health stats"               [_thread_blocked, id=15180, stack(0x000000315f400000,0x000000315f500000) (1024K)]
  0x0000013a55aea170 JavaThread "Incoming local TCP Connector on port 58046"        [_thread_in_native, id=13996, stack(0x000000315f500000,0x000000315f600000) (1024K)]
  0x0000013a55b77330 JavaThread "Daemon periodic checks"            [_thread_blocked, id=12988, stack(0x000000315f600000,0x000000315f700000) (1024K)]
  0x0000013a55b1d670 JavaThread "Daemon"                            [_thread_blocked, id=12852, stack(0x000000315f700000,0x000000315f800000) (1024K)]
  0x0000013a55b1e0b0 JavaThread "Handler for socket connection from /127.0.0.1:58046 to /127.0.0.1:58047"        [_thread_in_native, id=12752, stack(0x000000315f800000,0x000000315f900000) (1024K)]
  0x0000013a55b46160 JavaThread "Cancel handler"                    [_thread_blocked, id=7024, stack(0x000000315f900000,0x000000315fa00000) (1024K)]
  0x0000013a55b467d0 JavaThread "Daemon worker"                     [_thread_in_native, id=9212, stack(0x000000315fa00000,0x000000315fb00000) (1024K)]
  0x0000013a55cee8d0 JavaThread "Asynchronous log dispatcher for DefaultDaemonConnection: socket connection from /127.0.0.1:58046 to /127.0.0.1:58047"        [_thread_blocked, id=14428, stack(0x000000315fb00000,0x000000315fc00000) (1024K)]
  0x0000013a55cece90 JavaThread "Stdin handler"                     [_thread_blocked, id=12060, stack(0x000000315fc00000,0x000000315fd00000) (1024K)]
  0x0000013a55cee240 JavaThread "Daemon client event forwarder"        [_thread_blocked, id=880, stack(0x000000315fd00000,0x000000315fe00000) (1024K)]
  0x0000013a55cef5f0 JavaThread "Cache worker for journal cache (C:\Users\Isaac\.gradle\caches\journal-1)"        [_thread_blocked, id=6064, stack(0x000000315fe00000,0x000000315ff00000) (1024K)]
  0x0000013a55cefc80 JavaThread "File lock request listener"        [_thread_in_native, id=3328, stack(0x000000315ff00000,0x0000003160000000) (1024K)]
  0x0000013a55ced520 JavaThread "Cache worker for file hash cache (C:\Users\Isaac\.gradle\caches\8.10.1\fileHashes)"        [_thread_blocked, id=7632, stack(0x0000003160000000,0x0000003160100000) (1024K)]
Total: 24

Other Threads:
  0x0000013a3ac04fe0 VMThread "VM Thread"                           [id=10380, stack(0x000000315e600000,0x000000315e700000) (1024K)]
  0x0000013a3abebfc0 WatcherThread "VM Periodic Task Thread"        [id=8604, stack(0x000000315e500000,0x000000315e600000) (1024K)]
  0x0000013a209e5f60 WorkerThread "GC Thread#0"                     [id=2924, stack(0x000000315e000000,0x000000315e100000) (1024K)]
  0x0000013a5431d7c0 WorkerThread "GC Thread#1"                     [id=8592, stack(0x000000315f100000,0x000000315f200000) (1024K)]
  0x0000013a543187d0 WorkerThread "GC Thread#2"                     [id=2408, stack(0x000000315f200000,0x000000315f300000) (1024K)]
  0x0000013a54318b80 WorkerThread "GC Thread#3"                     [id=15684, stack(0x000000315f300000,0x000000315f400000) (1024K)]
  0x0000013a209ec520 ConcurrentGCThread "G1 Main Marker"            [id=14460, stack(0x000000315e100000,0x000000315e200000) (1024K)]
  0x0000013a209ecde0 WorkerThread "G1 Conc#0"                       [id=9940, stack(0x000000315e200000,0x000000315e300000) (1024K)]
  0x0000013a20a8e820 ConcurrentGCThread "G1 Refine#0"               [id=16060, stack(0x000000315e300000,0x000000315e400000) (1024K)]
  0x0000013a3aac35b0 ConcurrentGCThread "G1 Service"                [id=15364, stack(0x000000315e400000,0x000000315e500000) (1024K)]
Total: 10

Threads with active compile tasks:
C2 CompilerThread0  7125 2920       4       java.lang.invoke.MethodType::makeImpl (109 bytes)
Total: 1

VM state: not at safepoint (normal execution)

VM Mutex/Monitor currently owned by a thread: None

Heap address: 0x00000000e0000000, size: 512 MB, Compressed Oops mode: 32-bit

CDS archive(s) mapped at: [0x0000013a3b000000-0x0000013a3bc60000-0x0000013a3bc60000), size 12976128, SharedBaseAddress: 0x0000013a3b000000, ArchiveRelocationMode: 1.
Compressed class space mapped at: 0x0000013a3c000000-0x0000013a50000000, reserved size: 335544320
Narrow klass base: 0x0000013a3b000000, Narrow klass shift: 0, Narrow klass range: 0x15000000

GC Precious Log:
 CardTable entry size: 512
 Card Set container configuration: InlinePtr #cards 5 size 8 Array Of Cards #cards 12 size 40 Howl #buckets 4 coarsen threshold 1843 Howl Bitmap #cards 512 size 80 coarsen threshold 460 Card regions per heap region 1 cards per card region 2048
 CPUs: 4 total, 4 available
 Memory: 8138M
 Large Page Support: Disabled
 NUMA Support: Disabled
 Compressed Oops: Enabled (32-bit)
 Heap Region Size: 1M
 Heap Min Capacity: 256M
 Heap Initial Capacity: 256M
 Heap Max Capacity: 512M
 Pre-touch: Disabled
 Parallel Workers: 4
 Concurrent Workers: 1
 Concurrent Refinement Workers: 4
 Periodic GC: Disabled

Heap:
 garbage-first heap   total reserved 524288K, committed 262144K, used 148770K [0x00000000e0000000, 0x0000000100000000)
  region size 1024K, 138 young (141312K), 4 survivors (4096K)
 Metaspace       used 19320K, committed 20032K, reserved 393216K
  class space    used 2829K, committed 3136K, reserved 327680K

Heap Regions: E=young(eden), S=young(survivor), O=old, HS=humongous(starts), HC=humongous(continues), CS=collection set, F=free, TAMS=top-at-mark-start, PB=parsable bottom
|   0|0x00000000e0000000, 0x00000000e0100000, 0x00000000e0100000|100%|HS|  |TAMS 0x00000000e0000000| PB 0x00000000e0000000| Complete |  0
|   1|0x00000000e0100000, 0x00000000e0200000, 0x00000000e0200000|100%|HC|  |TAMS 0x00000000e0100000| PB 0x00000000e0100000| Complete |  0
|   2|0x00000000e0200000, 0x00000000e0300000, 0x00000000e0300000|100%|HC|  |TAMS 0x00000000e0200000| PB 0x00000000e0200000| Complete |  0
|   3|0x00000000e0300000, 0x00000000e0400000, 0x00000000e0400000|100%|HC|  |TAMS 0x00000000e0300000| PB 0x00000000e0300000| Complete |  0
|   4|0x00000000e0400000, 0x00000000e0500000, 0x00000000e0500000|100%| O|  |TAMS 0x00000000e0400000| PB 0x00000000e0400000| Untracked |  0
|   5|0x00000000e0500000, 0x00000000e0600000, 0x00000000e0600000|100%| O|  |TAMS 0x00000000e0500000| PB 0x00000000e0500000| Untracked |  0
|   6|0x00000000e0600000, 0x00000000e0700000, 0x00000000e0700000|100%| O|  |TAMS 0x00000000e0600000| PB 0x00000000e0600000| Untracked |  0
|   7|0x00000000e0700000, 0x00000000e0748900, 0x00000000e0800000| 28%| O|  |TAMS 0x00000000e0700000| PB 0x00000000e0700000| Untracked |  0
|   8|0x00000000e0800000, 0x00000000e0900000, 0x00000000e0900000|100%|HS|  |TAMS 0x00000000e0800000| PB 0x00000000e0800000| Complete |  0
|   9|0x00000000e0900000, 0x00000000e0a00000, 0x00000000e0a00000|100%|HS|  |TAMS 0x00000000e0900000| PB 0x00000000e0900000| Complete |  0
|  10|0x00000000e0a00000, 0x00000000e0a00000, 0x00000000e0b00000|  0%| F|  |TAMS 0x00000000e0a00000| PB 0x00000000e0a00000| Untracked |  0
|  11|0x00000000e0b00000, 0x00000000e0b00000, 0x00000000e0c00000|  0%| F|  |TAMS 0x00000000e0b00000| PB 0x00000000e0b00000| Untracked |  0
|  12|0x00000000e0c00000, 0x00000000e0c00000, 0x00000000e0d00000|  0%| F|  |TAMS 0x00000000e0c00000| PB 0x00000000e0c00000| Untracked |  0
|  13|0x00000000e0d00000, 0x00000000e0d00000, 0x00000000e0e00000|  0%| F|  |TAMS 0x00000000e0d00000| PB 0x00000000e0d00000| Untracked |  0
|  14|0x00000000e0e00000, 0x00000000e0e00000, 0x00000000e0f00000|  0%| F|  |TAMS 0x00000000e0e00000| PB 0x00000000e0e00000| Untracked |  0
|  15|0x00000000e0f00000, 0x00000000e0f00000, 0x00000000e1000000|  0%| F|  |TAMS 0x00000000e0f00000| PB 0x00000000e0f00000| Untracked |  0
|  16|0x00000000e1000000, 0x00000000e1000000, 0x00000000e1100000|  0%| F|  |TAMS 0x00000000e1000000| PB 0x00000000e1000000| Untracked |  0
|  17|0x00000000e1100000, 0x00000000e1100000, 0x00000000e1200000|  0%| F|  |TAMS 0x00000000e1100000| PB 0x00000000e1100000| Untracked |  0
|  18|0x00000000e1200000, 0x00000000e1200000, 0x00000000e1300000|  0%| F|  |TAMS 0x00000000e1200000| PB 0x00000000e1200000| Untracked |  0
|  19|0x00000000e1300000, 0x00000000e1300000, 0x00000000e1400000|  0%| F|  |TAMS 0x00000000e1300000| PB 0x00000000e1300000| Untracked |  0
|  20|0x00000000e1400000, 0x00000000e1400000, 0x00000000e1500000|  0%| F|  |TAMS 0x00000000e1400000| PB 0x00000000e1400000| Untracked |  0
|  21|0x00000000e1500000, 0x00000000e1500000, 0x00000000e1600000|  0%| F|  |TAMS 0x00000000e1500000| PB 0x00000000e1500000| Untracked |  0
|  22|0x00000000e1600000, 0x00000000e1600000, 0x00000000e1700000|  0%| F|  |TAMS 0x00000000e1600000| PB 0x00000000e1600000| Untracked |  0
|  23|0x00000000e1700000, 0x00000000e1700000, 0x00000000e1800000|  0%| F|  |TAMS 0x00000000e1700000| PB 0x00000000e1700000| Untracked |  0
|  24|0x00000000e1800000, 0x00000000e1800000, 0x00000000e1900000|  0%| F|  |TAMS 0x00000000e1800000| PB 0x00000000e1800000| Untracked |  0
|  25|0x00000000e1900000, 0x00000000e1900000, 0x00000000e1a00000|  0%| F|  |TAMS 0x00000000e1900000| PB 0x00000000e1900000| Untracked |  0
|  26|0x00000000e1a00000, 0x00000000e1a00000, 0x00000000e1b00000|  0%| F|  |TAMS 0x00000000e1a00000| PB 0x00000000e1a00000| Untracked |  0
|  27|0x00000000e1b00000, 0x00000000e1b00000, 0x00000000e1c00000|  0%| F|  |TAMS 0x00000000e1b00000| PB 0x00000000e1b00000| Untracked |  0
|  28|0x00000000e1c00000, 0x00000000e1c00000, 0x00000000e1d00000|  0%| F|  |TAMS 0x00000000e1c00000| PB 0x00000000e1c00000| Untracked |  0
|  29|0x00000000e1d00000, 0x00000000e1d00000, 0x00000000e1e00000|  0%| F|  |TAMS 0x00000000e1d00000| PB 0x00000000e1d00000| Untracked |  0
|  30|0x00000000e1e00000, 0x00000000e1e00000, 0x00000000e1f00000|  0%| F|  |TAMS 0x00000000e1e00000| PB 0x00000000e1e00000| Untracked |  0
|  31|0x00000000e1f00000, 0x00000000e1f00000, 0x00000000e2000000|  0%| F|  |TAMS 0x00000000e1f00000| PB 0x00000000e1f00000| Untracked |  0
|  32|0x00000000e2000000, 0x00000000e2000000, 0x00000000e2100000|  0%| F|  |TAMS 0x00000000e2000000| PB 0x00000000e2000000| Untracked |  0
|  33|0x00000000e2100000, 0x00000000e2100000, 0x00000000e2200000|  0%| F|  |TAMS 0x00000000e2100000| PB 0x00000000e2100000| Untracked |  0
|  34|0x00000000e2200000, 0x00000000e2200000, 0x00000000e2300000|  0%| F|  |TAMS 0x00000000e2200000| PB 0x00000000e2200000| Untracked |  0
|  35|0x00000000e2300000, 0x00000000e2300000, 0x00000000e2400000|  0%| F|  |TAMS 0x00000000e2300000| PB 0x00000000e2300000| Untracked |  0
|  36|0x00000000e2400000, 0x00000000e2400000, 0x00000000e2500000|  0%| F|  |TAMS 0x00000000e2400000| PB 0x00000000e2400000| Untracked |  0
|  37|0x00000000e2500000, 0x00000000e2500000, 0x00000000e2600000|  0%| F|  |TAMS 0x00000000e2500000| PB 0x00000000e2500000| Untracked |  0
|  38|0x00000000e2600000, 0x00000000e2600000, 0x00000000e2700000|  0%| F|  |TAMS 0x00000000e2600000| PB 0x00000000e2600000| Untracked |  0
|  39|0x00000000e2700000, 0x00000000e2700000, 0x00000000e2800000|  0%| F|  |TAMS 0x00000000e2700000| PB 0x00000000e2700000| Untracked |  0
|  40|0x00000000e2800000, 0x00000000e2800000, 0x00000000e2900000|  0%| F|  |TAMS 0x00000000e2800000| PB 0x00000000e2800000| Untracked |  0
|  41|0x00000000e2900000, 0x00000000e2900000, 0x00000000e2a00000|  0%| F|  |TAMS 0x00000000e2900000| PB 0x00000000e2900000| Untracked |  0
|  42|0x00000000e2a00000, 0x00000000e2a00000, 0x00000000e2b00000|  0%| F|  |TAMS 0x00000000e2a00000| PB 0x00000000e2a00000| Untracked |  0
|  43|0x00000000e2b00000, 0x00000000e2b00000, 0x00000000e2c00000|  0%| F|  |TAMS 0x00000000e2b00000| PB 0x00000000e2b00000| Untracked |  0
|  44|0x00000000e2c00000, 0x00000000e2c00000, 0x00000000e2d00000|  0%| F|  |TAMS 0x00000000e2c00000| PB 0x00000000e2c00000| Untracked |  0
|  45|0x00000000e2d00000, 0x00000000e2d00000, 0x00000000e2e00000|  0%| F|  |TAMS 0x00000000e2d00000| PB 0x00000000e2d00000| Untracked |  0
|  46|0x00000000e2e00000, 0x00000000e2e00000, 0x00000000e2f00000|  0%| F|  |TAMS 0x00000000e2e00000| PB 0x00000000e2e00000| Untracked |  0
|  47|0x00000000e2f00000, 0x00000000e2f00000, 0x00000000e3000000|  0%| F|  |TAMS 0x00000000e2f00000| PB 0x00000000e2f00000| Untracked |  0
|  48|0x00000000e3000000, 0x00000000e3000000, 0x00000000e3100000|  0%| F|  |TAMS 0x00000000e3000000| PB 0x00000000e3000000| Untracked |  0
|  49|0x00000000e3100000, 0x00000000e3100000, 0x00000000e3200000|  0%| F|  |TAMS 0x00000000e3100000| PB 0x00000000e3100000| Untracked |  0
|  50|0x00000000e3200000, 0x00000000e3200000, 0x00000000e3300000|  0%| F|  |TAMS 0x00000000e3200000| PB 0x00000000e3200000| Untracked |  0
|  51|0x00000000e3300000, 0x00000000e3300000, 0x00000000e3400000|  0%| F|  |TAMS 0x00000000e3300000| PB 0x00000000e3300000| Untracked |  0
|  52|0x00000000e3400000, 0x00000000e3400000, 0x00000000e3500000|  0%| F|  |TAMS 0x00000000e3400000| PB 0x00000000e3400000| Untracked |  0
|  53|0x00000000e3500000, 0x00000000e3500000, 0x00000000e3600000|  0%| F|  |TAMS 0x00000000e3500000| PB 0x00000000e3500000| Untracked |  0
|  54|0x00000000e3600000, 0x00000000e3600000, 0x00000000e3700000|  0%| F|  |TAMS 0x00000000e3600000| PB 0x00000000e3600000| Untracked |  0
|  55|0x00000000e3700000, 0x00000000e3700000, 0x00000000e3800000|  0%| F|  |TAMS 0x00000000e3700000| PB 0x00000000e3700000| Untracked |  0
|  56|0x00000000e3800000, 0x00000000e3800000, 0x00000000e3900000|  0%| F|  |TAMS 0x00000000e3800000| PB 0x00000000e3800000| Untracked |  0
|  57|0x00000000e3900000, 0x00000000e3900000, 0x00000000e3a00000|  0%| F|  |TAMS 0x00000000e3900000| PB 0x00000000e3900000| Untracked |  0
|  58|0x00000000e3a00000, 0x00000000e3a00000, 0x00000000e3b00000|  0%| F|  |TAMS 0x00000000e3a00000| PB 0x00000000e3a00000| Untracked |  0
|  59|0x00000000e3b00000, 0x00000000e3b00000, 0x00000000e3c00000|  0%| F|  |TAMS 0x00000000e3b00000| PB 0x00000000e3b00000| Untracked |  0
|  60|0x00000000e3c00000, 0x00000000e3c00000, 0x00000000e3d00000|  0%| F|  |TAMS 0x00000000e3c00000| PB 0x00000000e3c00000| Untracked |  0
|  61|0x00000000e3d00000, 0x00000000e3d00000, 0x00000000e3e00000|  0%| F|  |TAMS 0x00000000e3d00000| PB 0x00000000e3d00000| Untracked |  0
|  62|0x00000000e3e00000, 0x00000000e3e00000, 0x00000000e3f00000|  0%| F|  |TAMS 0x00000000e3e00000| PB 0x00000000e3e00000| Untracked |  0
|  63|0x00000000e3f00000, 0x00000000e3f00000, 0x00000000e4000000|  0%| F|  |TAMS 0x00000000e3f00000| PB 0x00000000e3f00000| Untracked |  0
|  64|0x00000000e4000000, 0x00000000e4000000, 0x00000000e4100000|  0%| F|  |TAMS 0x00000000e4000000| PB 0x00000000e4000000| Untracked |  0
|  65|0x00000000e4100000, 0x00000000e4100000, 0x00000000e4200000|  0%| F|  |TAMS 0x00000000e4100000| PB 0x00000000e4100000| Untracked |  0
|  66|0x00000000e4200000, 0x00000000e4200000, 0x00000000e4300000|  0%| F|  |TAMS 0x00000000e4200000| PB 0x00000000e4200000| Untracked |  0
|  67|0x00000000e4300000, 0x00000000e4300000, 0x00000000e4400000|  0%| F|  |TAMS 0x00000000e4300000| PB 0x00000000e4300000| Untracked |  0
|  68|0x00000000e4400000, 0x00000000e4400000, 0x00000000e4500000|  0%| F|  |TAMS 0x00000000e4400000| PB 0x00000000e4400000| Untracked |  0
|  69|0x00000000e4500000, 0x00000000e4500000, 0x00000000e4600000|  0%| F|  |TAMS 0x00000000e4500000| PB 0x00000000e4500000| Untracked |  0
|  70|0x00000000e4600000, 0x00000000e4600000, 0x00000000e4700000|  0%| F|  |TAMS 0x00000000e4600000| PB 0x00000000e4600000| Untracked |  0
|  71|0x00000000e4700000, 0x00000000e4700000, 0x00000000e4800000|  0%| F|  |TAMS 0x00000000e4700000| PB 0x00000000e4700000| Untracked |  0
|  72|0x00000000e4800000, 0x00000000e4800000, 0x00000000e4900000|  0%| F|  |TAMS 0x00000000e4800000| PB 0x00000000e4800000| Untracked |  0
|  73|0x00000000e4900000, 0x00000000e4900000, 0x00000000e4a00000|  0%| F|  |TAMS 0x00000000e4900000| PB 0x00000000e4900000| Untracked |  0
|  74|0x00000000e4a00000, 0x00000000e4a00000, 0x00000000e4b00000|  0%| F|  |TAMS 0x00000000e4a00000| PB 0x00000000e4a00000| Untracked |  0
|  75|0x00000000e4b00000, 0x00000000e4b00000, 0x00000000e4c00000|  0%| F|  |TAMS 0x00000000e4b00000| PB 0x00000000e4b00000| Untracked |  0
|  76|0x00000000e4c00000, 0x00000000e4c00000, 0x00000000e4d00000|  0%| F|  |TAMS 0x00000000e4c00000| PB 0x00000000e4c00000| Untracked |  0
|  77|0x00000000e4d00000, 0x00000000e4d00000, 0x00000000e4e00000|  0%| F|  |TAMS 0x00000000e4d00000| PB 0x00000000e4d00000| Untracked |  0
|  78|0x00000000e4e00000, 0x00000000e4e00000, 0x00000000e4f00000|  0%| F|  |TAMS 0x00000000e4e00000| PB 0x00000000e4e00000| Untracked |  0
|  79|0x00000000e4f00000, 0x00000000e4f00000, 0x00000000e5000000|  0%| F|  |TAMS 0x00000000e4f00000| PB 0x00000000e4f00000| Untracked |  0
|  80|0x00000000e5000000, 0x00000000e5000000, 0x00000000e5100000|  0%| F|  |TAMS 0x00000000e5000000| PB 0x00000000e5000000| Untracked |  0
|  81|0x00000000e5100000, 0x00000000e5100000, 0x00000000e5200000|  0%| F|  |TAMS 0x00000000e5100000| PB 0x00000000e5100000| Untracked |  0
|  82|0x00000000e5200000, 0x00000000e5200000, 0x00000000e5300000|  0%| F|  |TAMS 0x00000000e5200000| PB 0x00000000e5200000| Untracked |  0
|  83|0x00000000e5300000, 0x00000000e5300000, 0x00000000e5400000|  0%| F|  |TAMS 0x00000000e5300000| PB 0x00000000e5300000| Untracked |  0
|  84|0x00000000e5400000, 0x00000000e5400000, 0x00000000e5500000|  0%| F|  |TAMS 0x00000000e5400000| PB 0x00000000e5400000| Untracked |  0
|  85|0x00000000e5500000, 0x00000000e5500000, 0x00000000e5600000|  0%| F|  |TAMS 0x00000000e5500000| PB 0x00000000e5500000| Untracked |  0
|  86|0x00000000e5600000, 0x00000000e5600000, 0x00000000e5700000|  0%| F|  |TAMS 0x00000000e5600000| PB 0x00000000e5600000| Untracked |  0
|  87|0x00000000e5700000, 0x00000000e5700000, 0x00000000e5800000|  0%| F|  |TAMS 0x00000000e5700000| PB 0x00000000e5700000| Untracked |  0
|  88|0x00000000e5800000, 0x00000000e5800000, 0x00000000e5900000|  0%| F|  |TAMS 0x00000000e5800000| PB 0x00000000e5800000| Untracked |  0
|  89|0x00000000e5900000, 0x00000000e5900000, 0x00000000e5a00000|  0%| F|  |TAMS 0x00000000e5900000| PB 0x00000000e5900000| Untracked |  0
|  90|0x00000000e5a00000, 0x00000000e5a00000, 0x00000000e5b00000|  0%| F|  |TAMS 0x00000000e5a00000| PB 0x00000000e5a00000| Untracked |  0
|  91|0x00000000e5b00000, 0x00000000e5b00000, 0x00000000e5c00000|  0%| F|  |TAMS 0x00000000e5b00000| PB 0x00000000e5b00000| Untracked |  0
|  92|0x00000000e5c00000, 0x00000000e5c00000, 0x00000000e5d00000|  0%| F|  |TAMS 0x00000000e5c00000| PB 0x00000000e5c00000| Untracked |  0
|  93|0x00000000e5d00000, 0x00000000e5d00000, 0x00000000e5e00000|  0%| F|  |TAMS 0x00000000e5d00000| PB 0x00000000e5d00000| Untracked |  0
|  94|0x00000000e5e00000, 0x00000000e5e00000, 0x00000000e5f00000|  0%| F|  |TAMS 0x00000000e5e00000| PB 0x00000000e5e00000| Untracked |  0
|  95|0x00000000e5f00000, 0x00000000e5f00000, 0x00000000e6000000|  0%| F|  |TAMS 0x00000000e5f00000| PB 0x00000000e5f00000| Untracked |  0
|  96|0x00000000e6000000, 0x00000000e6000000, 0x00000000e6100000|  0%| F|  |TAMS 0x00000000e6000000| PB 0x00000000e6000000| Untracked |  0
|  97|0x00000000e6100000, 0x00000000e6100000, 0x00000000e6200000|  0%| F|  |TAMS 0x00000000e6100000| PB 0x00000000e6100000| Untracked |  0
|  98|0x00000000e6200000, 0x00000000e6200000, 0x00000000e6300000|  0%| F|  |TAMS 0x00000000e6200000| PB 0x00000000e6200000| Untracked |  0
|  99|0x00000000e6300000, 0x00000000e6300000, 0x00000000e6400000|  0%| F|  |TAMS 0x00000000e6300000| PB 0x00000000e6300000| Untracked |  0
| 100|0x00000000e6400000, 0x00000000e6400000, 0x00000000e6500000|  0%| F|  |TAMS 0x00000000e6400000| PB 0x00000000e6400000| Untracked |  0
| 101|0x00000000e6500000, 0x00000000e6500000, 0x00000000e6600000|  0%| F|  |TAMS 0x00000000e6500000| PB 0x00000000e6500000| Untracked |  0
| 102|0x00000000e6600000, 0x00000000e6600000, 0x00000000e6700000|  0%| F|  |TAMS 0x00000000e6600000| PB 0x00000000e6600000| Untracked |  0
| 103|0x00000000e6700000, 0x00000000e6700000, 0x00000000e6800000|  0%| F|  |TAMS 0x00000000e6700000| PB 0x00000000e6700000| Untracked |  0
| 104|0x00000000e6800000, 0x00000000e6800000, 0x00000000e6900000|  0%| F|  |TAMS 0x00000000e6800000| PB 0x00000000e6800000| Untracked |  0
| 105|0x00000000e6900000, 0x00000000e6900000, 0x00000000e6a00000|  0%| F|  |TAMS 0x00000000e6900000| PB 0x00000000e6900000| Untracked |  0
| 106|0x00000000e6a00000, 0x00000000e6a00000, 0x00000000e6b00000|  0%| F|  |TAMS 0x00000000e6a00000| PB 0x00000000e6a00000| Untracked |  0
| 107|0x00000000e6b00000, 0x00000000e6b00000, 0x00000000e6c00000|  0%| F|  |TAMS 0x00000000e6b00000| PB 0x00000000e6b00000| Untracked |  0
| 108|0x00000000e6c00000, 0x00000000e6c00000, 0x00000000e6d00000|  0%| F|  |TAMS 0x00000000e6c00000| PB 0x00000000e6c00000| Untracked |  0
| 109|0x00000000e6d00000, 0x00000000e6d00000, 0x00000000e6e00000|  0%| F|  |TAMS 0x00000000e6d00000| PB 0x00000000e6d00000| Untracked |  0
| 110|0x00000000e6e00000, 0x00000000e6e00000, 0x00000000e6f00000|  0%| F|  |TAMS 0x00000000e6e00000| PB 0x00000000e6e00000| Untracked |  0
| 111|0x00000000e6f00000, 0x00000000e6f00000, 0x00000000e7000000|  0%| F|  |TAMS 0x00000000e6f00000| PB 0x00000000e6f00000| Untracked |  0
| 112|0x00000000e7000000, 0x00000000e7000000, 0x00000000e7100000|  0%| F|  |TAMS 0x00000000e7000000| PB 0x00000000e7000000| Untracked |  0
| 113|0x00000000e7100000, 0x00000000e7100000, 0x00000000e7200000|  0%| F|  |TAMS 0x00000000e7100000| PB 0x00000000e7100000| Untracked |  0
| 114|0x00000000e7200000, 0x00000000e7200000, 0x00000000e7300000|  0%| F|  |TAMS 0x00000000e7200000| PB 0x00000000e7200000| Untracked |  0
| 115|0x00000000e7300000, 0x00000000e7300000, 0x00000000e7400000|  0%| F|  |TAMS 0x00000000e7300000| PB 0x00000000e7300000| Untracked |  0
| 116|0x00000000e7400000, 0x00000000e7400000, 0x00000000e7500000|  0%| F|  |TAMS 0x00000000e7400000| PB 0x00000000e7400000| Untracked |  0
| 117|0x00000000e7500000, 0x00000000e7500000, 0x00000000e7600000|  0%| F|  |TAMS 0x00000000e7500000| PB 0x00000000e7500000| Untracked |  0
| 118|0x00000000e7600000, 0x00000000e7680000, 0x00000000e7700000| 50%| E|  |TAMS 0x00000000e7600000| PB 0x00000000e7600000| Complete |  0
| 119|0x00000000e7700000, 0x00000000e7800000, 0x00000000e7800000|100%| E|CS|TAMS 0x00000000e7700000| PB 0x00000000e7700000| Complete |  0
| 120|0x00000000e7800000, 0x00000000e7900000, 0x00000000e7900000|100%| E|CS|TAMS 0x00000000e7800000| PB 0x00000000e7800000| Complete |  0
| 121|0x00000000e7900000, 0x00000000e7a00000, 0x00000000e7a00000|100%| E|CS|TAMS 0x00000000e7900000| PB 0x00000000e7900000| Complete |  0
| 122|0x00000000e7a00000, 0x00000000e7b00000, 0x00000000e7b00000|100%| E|CS|TAMS 0x00000000e7a00000| PB 0x00000000e7a00000| Complete |  0
| 123|0x00000000e7b00000, 0x00000000e7c00000, 0x00000000e7c00000|100%| E|CS|TAMS 0x00000000e7b00000| PB 0x00000000e7b00000| Complete |  0
| 124|0x00000000e7c00000, 0x00000000e7d00000, 0x00000000e7d00000|100%| E|CS|TAMS 0x00000000e7c00000| PB 0x00000000e7c00000| Complete |  0
| 125|0x00000000e7d00000, 0x00000000e7e00000, 0x00000000e7e00000|100%| E|CS|TAMS 0x00000000e7d00000| PB 0x00000000e7d00000| Complete |  0
| 126|0x00000000e7e00000, 0x00000000e7f00000, 0x00000000e7f00000|100%| E|CS|TAMS 0x00000000e7e00000| PB 0x00000000e7e00000| Complete |  0
| 127|0x00000000e7f00000, 0x00000000e8000000, 0x00000000e8000000|100%| E|CS|TAMS 0x00000000e7f00000| PB 0x00000000e7f00000| Complete |  0
| 128|0x00000000e8000000, 0x00000000e8100000, 0x00000000e8100000|100%| E|CS|TAMS 0x00000000e8000000| PB 0x00000000e8000000| Complete |  0
| 129|0x00000000e8100000, 0x00000000e8200000, 0x00000000e8200000|100%| E|CS|TAMS 0x00000000e8100000| PB 0x00000000e8100000| Complete |  0
| 130|0x00000000e8200000, 0x00000000e8300000, 0x00000000e8300000|100%| E|CS|TAMS 0x00000000e8200000| PB 0x00000000e8200000| Complete |  0
| 131|0x00000000e8300000, 0x00000000e8400000, 0x00000000e8400000|100%| E|CS|TAMS 0x00000000e8300000| PB 0x00000000e8300000| Complete |  0
| 132|0x00000000e8400000, 0x00000000e8500000, 0x00000000e8500000|100%| E|CS|TAMS 0x00000000e8400000| PB 0x00000000e8400000| Complete |  0
| 133|0x00000000e8500000, 0x00000000e8600000, 0x00000000e8600000|100%| E|CS|TAMS 0x00000000e8500000| PB 0x00000000e8500000| Complete |  0
| 134|0x00000000e8600000, 0x00000000e8700000, 0x00000000e8700000|100%| E|CS|TAMS 0x00000000e8600000| PB 0x00000000e8600000| Complete |  0
| 135|0x00000000e8700000, 0x00000000e8800000, 0x00000000e8800000|100%| E|CS|TAMS 0x00000000e8700000| PB 0x00000000e8700000| Complete |  0
| 136|0x00000000e8800000, 0x00000000e8900000, 0x00000000e8900000|100%| E|CS|TAMS 0x00000000e8800000| PB 0x00000000e8800000| Complete |  0
| 137|0x00000000e8900000, 0x00000000e8a00000, 0x00000000e8a00000|100%| E|CS|TAMS 0x00000000e8900000| PB 0x00000000e8900000| Complete |  0
| 138|0x00000000e8a00000, 0x00000000e8b00000, 0x00000000e8b00000|100%| E|CS|TAMS 0x00000000e8a00000| PB 0x00000000e8a00000| Complete |  0
| 139|0x00000000e8b00000, 0x00000000e8c00000, 0x00000000e8c00000|100%| E|CS|TAMS 0x00000000e8b00000| PB 0x00000000e8b00000| Complete |  0
| 140|0x00000000e8c00000, 0x00000000e8d00000, 0x00000000e8d00000|100%| E|CS|TAMS 0x00000000e8c00000| PB 0x00000000e8c00000| Complete |  0
| 141|0x00000000e8d00000, 0x00000000e8e00000, 0x00000000e8e00000|100%| E|CS|TAMS 0x00000000e8d00000| PB 0x00000000e8d00000| Complete |  0
| 142|0x00000000e8e00000, 0x00000000e8f00000, 0x00000000e8f00000|100%| E|CS|TAMS 0x00000000e8e00000| PB 0x00000000e8e00000| Complete |  0
| 143|0x00000000e8f00000, 0x00000000e9000000, 0x00000000e9000000|100%| E|CS|TAMS 0x00000000e8f00000| PB 0x00000000e8f00000| Complete |  0
| 144|0x00000000e9000000, 0x00000000e9100000, 0x00000000e9100000|100%| E|CS|TAMS 0x00000000e9000000| PB 0x00000000e9000000| Complete |  0
| 145|0x00000000e9100000, 0x00000000e9200000, 0x00000000e9200000|100%| E|CS|TAMS 0x00000000e9100000| PB 0x00000000e9100000| Complete |  0
| 146|0x00000000e9200000, 0x00000000e9300000, 0x00000000e9300000|100%| E|CS|TAMS 0x00000000e9200000| PB 0x00000000e9200000| Complete |  0
| 147|0x00000000e9300000, 0x00000000e9400000, 0x00000000e9400000|100%| E|CS|TAMS 0x00000000e9300000| PB 0x00000000e9300000| Complete |  0
| 148|0x00000000e9400000, 0x00000000e9500000, 0x00000000e9500000|100%| E|CS|TAMS 0x00000000e9400000| PB 0x00000000e9400000| Complete |  0
| 149|0x00000000e9500000, 0x00000000e9600000, 0x00000000e9600000|100%| E|CS|TAMS 0x00000000e9500000| PB 0x00000000e9500000| Complete |  0
| 150|0x00000000e9600000, 0x00000000e9700000, 0x00000000e9700000|100%| E|CS|TAMS 0x00000000e9600000| PB 0x00000000e9600000| Complete |  0
| 151|0x00000000e9700000, 0x00000000e9800000, 0x00000000e9800000|100%| E|CS|TAMS 0x00000000e9700000| PB 0x00000000e9700000| Complete |  0
| 152|0x00000000e9800000, 0x00000000e9900000, 0x00000000e9900000|100%| E|CS|TAMS 0x00000000e9800000| PB 0x00000000e9800000| Complete |  0
| 153|0x00000000e9900000, 0x00000000e9a00000, 0x00000000e9a00000|100%| E|CS|TAMS 0x00000000e9900000| PB 0x00000000e9900000| Complete |  0
| 154|0x00000000e9a00000, 0x00000000e9b00000, 0x00000000e9b00000|100%| E|CS|TAMS 0x00000000e9a00000| PB 0x00000000e9a00000| Complete |  0
| 155|0x00000000e9b00000, 0x00000000e9c00000, 0x00000000e9c00000|100%| E|CS|TAMS 0x00000000e9b00000| PB 0x00000000e9b00000| Complete |  0
| 156|0x00000000e9c00000, 0x00000000e9d00000, 0x00000000e9d00000|100%| E|CS|TAMS 0x00000000e9c00000| PB 0x00000000e9c00000| Complete |  0
| 157|0x00000000e9d00000, 0x00000000e9e00000, 0x00000000e9e00000|100%| E|CS|TAMS 0x00000000e9d00000| PB 0x00000000e9d00000| Complete |  0
| 158|0x00000000e9e00000, 0x00000000e9f00000, 0x00000000e9f00000|100%| E|CS|TAMS 0x00000000e9e00000| PB 0x00000000e9e00000| Complete |  0
| 159|0x00000000e9f00000, 0x00000000ea000000, 0x00000000ea000000|100%| E|CS|TAMS 0x00000000e9f00000| PB 0x00000000e9f00000| Complete |  0
| 160|0x00000000ea000000, 0x00000000ea100000, 0x00000000ea100000|100%| E|CS|TAMS 0x00000000ea000000| PB 0x00000000ea000000| Complete |  0
| 161|0x00000000ea100000, 0x00000000ea200000, 0x00000000ea200000|100%| E|CS|TAMS 0x00000000ea100000| PB 0x00000000ea100000| Complete |  0
| 162|0x00000000ea200000, 0x00000000ea300000, 0x00000000ea300000|100%| E|CS|TAMS 0x00000000ea200000| PB 0x00000000ea200000| Complete |  0
| 163|0x00000000ea300000, 0x00000000ea400000, 0x00000000ea400000|100%| E|CS|TAMS 0x00000000ea300000| PB 0x00000000ea300000| Complete |  0
| 164|0x00000000ea400000, 0x00000000ea500000, 0x00000000ea500000|100%| E|CS|TAMS 0x00000000ea400000| PB 0x00000000ea400000| Complete |  0
| 165|0x00000000ea500000, 0x00000000ea600000, 0x00000000ea600000|100%| E|CS|TAMS 0x00000000ea500000| PB 0x00000000ea500000| Complete |  0
| 166|0x00000000ea600000, 0x00000000ea700000, 0x00000000ea700000|100%| E|CS|TAMS 0x00000000ea600000| PB 0x00000000ea600000| Complete |  0
| 167|0x00000000ea700000, 0x00000000ea800000, 0x00000000ea800000|100%| E|CS|TAMS 0x00000000ea700000| PB 0x00000000ea700000| Complete |  0
| 168|0x00000000ea800000, 0x00000000ea900000, 0x00000000ea900000|100%| E|CS|TAMS 0x00000000ea800000| PB 0x00000000ea800000| Complete |  0
| 169|0x00000000ea900000, 0x00000000eaa00000, 0x00000000eaa00000|100%| E|CS|TAMS 0x00000000ea900000| PB 0x00000000ea900000| Complete |  0
| 170|0x00000000eaa00000, 0x00000000eab00000, 0x00000000eab00000|100%| E|CS|TAMS 0x00000000eaa00000| PB 0x00000000eaa00000| Complete |  0
| 171|0x00000000eab00000, 0x00000000eac00000, 0x00000000eac00000|100%| E|CS|TAMS 0x00000000eab00000| PB 0x00000000eab00000| Complete |  0
| 172|0x00000000eac00000, 0x00000000ead00000, 0x00000000ead00000|100%| E|CS|TAMS 0x00000000eac00000| PB 0x00000000eac00000| Complete |  0
| 173|0x00000000ead00000, 0x00000000eae00000, 0x00000000eae00000|100%| E|CS|TAMS 0x00000000ead00000| PB 0x00000000ead00000| Complete |  0
| 174|0x00000000eae00000, 0x00000000eaf00000, 0x00000000eaf00000|100%| E|CS|TAMS 0x00000000eae00000| PB 0x00000000eae00000| Complete |  0
| 175|0x00000000eaf00000, 0x00000000eb000000, 0x00000000eb000000|100%| E|CS|TAMS 0x00000000eaf00000| PB 0x00000000eaf00000| Complete |  0
| 176|0x00000000eb000000, 0x00000000eb100000, 0x00000000eb100000|100%| E|CS|TAMS 0x00000000eb000000| PB 0x00000000eb000000| Complete |  0
| 177|0x00000000eb100000, 0x00000000eb200000, 0x00000000eb200000|100%| E|CS|TAMS 0x00000000eb100000| PB 0x00000000eb100000| Complete |  0
| 178|0x00000000eb200000, 0x00000000eb300000, 0x00000000eb300000|100%| E|CS|TAMS 0x00000000eb200000| PB 0x00000000eb200000| Complete |  0
| 179|0x00000000eb300000, 0x00000000eb400000, 0x00000000eb400000|100%| E|CS|TAMS 0x00000000eb300000| PB 0x00000000eb300000| Complete |  0
| 180|0x00000000eb400000, 0x00000000eb500000, 0x00000000eb500000|100%| E|CS|TAMS 0x00000000eb400000| PB 0x00000000eb400000| Complete |  0
| 181|0x00000000eb500000, 0x00000000eb600000, 0x00000000eb600000|100%| E|CS|TAMS 0x00000000eb500000| PB 0x00000000eb500000| Complete |  0
| 182|0x00000000eb600000, 0x00000000eb700000, 0x00000000eb700000|100%| E|CS|TAMS 0x00000000eb600000| PB 0x00000000eb600000| Complete |  0
| 183|0x00000000eb700000, 0x00000000eb800000, 0x00000000eb800000|100%| E|CS|TAMS 0x00000000eb700000| PB 0x00000000eb700000| Complete |  0
| 184|0x00000000eb800000, 0x00000000eb900000, 0x00000000eb900000|100%| E|CS|TAMS 0x00000000eb800000| PB 0x00000000eb800000| Complete |  0
| 185|0x00000000eb900000, 0x00000000eba00000, 0x00000000eba00000|100%| E|CS|TAMS 0x00000000eb900000| PB 0x00000000eb900000| Complete |  0
| 186|0x00000000eba00000, 0x00000000ebb00000, 0x00000000ebb00000|100%| E|CS|TAMS 0x00000000eba00000| PB 0x00000000eba00000| Complete |  0
| 187|0x00000000ebb00000, 0x00000000ebc00000, 0x00000000ebc00000|100%| E|CS|TAMS 0x00000000ebb00000| PB 0x00000000ebb00000| Complete |  0
| 188|0x00000000ebc00000, 0x00000000ebd00000, 0x00000000ebd00000|100%| E|CS|TAMS 0x00000000ebc00000| PB 0x00000000ebc00000| Complete |  0
| 189|0x00000000ebd00000, 0x00000000ebe00000, 0x00000000ebe00000|100%| E|CS|TAMS 0x00000000ebd00000| PB 0x00000000ebd00000| Complete |  0
| 190|0x00000000ebe00000, 0x00000000ebf00000, 0x00000000ebf00000|100%| E|CS|TAMS 0x00000000ebe00000| PB 0x00000000ebe00000| Complete |  0
| 191|0x00000000ebf00000, 0x00000000ec000000, 0x00000000ec000000|100%| E|CS|TAMS 0x00000000ebf00000| PB 0x00000000ebf00000| Complete |  0
| 192|0x00000000ec000000, 0x00000000ec100000, 0x00000000ec100000|100%| E|CS|TAMS 0x00000000ec000000| PB 0x00000000ec000000| Complete |  0
| 193|0x00000000ec100000, 0x00000000ec200000, 0x00000000ec200000|100%| E|CS|TAMS 0x00000000ec100000| PB 0x00000000ec100000| Complete |  0
| 194|0x00000000ec200000, 0x00000000ec300000, 0x00000000ec300000|100%| E|CS|TAMS 0x00000000ec200000| PB 0x00000000ec200000| Complete |  0
| 195|0x00000000ec300000, 0x00000000ec400000, 0x00000000ec400000|100%| E|CS|TAMS 0x00000000ec300000| PB 0x00000000ec300000| Complete |  0
| 196|0x00000000ec400000, 0x00000000ec500000, 0x00000000ec500000|100%| E|CS|TAMS 0x00000000ec400000| PB 0x00000000ec400000| Complete |  0
| 197|0x00000000ec500000, 0x00000000ec600000, 0x00000000ec600000|100%| E|CS|TAMS 0x00000000ec500000| PB 0x00000000ec500000| Complete |  0
| 198|0x00000000ec600000, 0x00000000ec700000, 0x00000000ec700000|100%| E|CS|TAMS 0x00000000ec600000| PB 0x00000000ec600000| Complete |  0
| 199|0x00000000ec700000, 0x00000000ec800000, 0x00000000ec800000|100%| E|CS|TAMS 0x00000000ec700000| PB 0x00000000ec700000| Complete |  0
| 200|0x00000000ec800000, 0x00000000ec900000, 0x00000000ec900000|100%| E|CS|TAMS 0x00000000ec800000| PB 0x00000000ec800000| Complete |  0
| 201|0x00000000ec900000, 0x00000000eca00000, 0x00000000eca00000|100%| E|CS|TAMS 0x00000000ec900000| PB 0x00000000ec900000| Complete |  0
| 202|0x00000000eca00000, 0x00000000ecb00000, 0x00000000ecb00000|100%| E|CS|TAMS 0x00000000eca00000| PB 0x00000000eca00000| Complete |  0
| 203|0x00000000ecb00000, 0x00000000ecc00000, 0x00000000ecc00000|100%| E|CS|TAMS 0x00000000ecb00000| PB 0x00000000ecb00000| Complete |  0
| 204|0x00000000ecc00000, 0x00000000ecd00000, 0x00000000ecd00000|100%| E|CS|TAMS 0x00000000ecc00000| PB 0x00000000ecc00000| Complete |  0
| 205|0x00000000ecd00000, 0x00000000ece00000, 0x00000000ece00000|100%| E|CS|TAMS 0x00000000ecd00000| PB 0x00000000ecd00000| Complete |  0
| 206|0x00000000ece00000, 0x00000000ecf00000, 0x00000000ecf00000|100%| E|CS|TAMS 0x00000000ece00000| PB 0x00000000ece00000| Complete |  0
| 207|0x00000000ecf00000, 0x00000000ed000000, 0x00000000ed000000|100%| E|CS|TAMS 0x00000000ecf00000| PB 0x00000000ecf00000| Complete |  0
| 208|0x00000000ed000000, 0x00000000ed100000, 0x00000000ed100000|100%| E|CS|TAMS 0x00000000ed000000| PB 0x00000000ed000000| Complete |  0
| 209|0x00000000ed100000, 0x00000000ed200000, 0x00000000ed200000|100%| E|CS|TAMS 0x00000000ed100000| PB 0x00000000ed100000| Complete |  0
| 210|0x00000000ed200000, 0x00000000ed300000, 0x00000000ed300000|100%| E|CS|TAMS 0x00000000ed200000| PB 0x00000000ed200000| Complete |  0
| 211|0x00000000ed300000, 0x00000000ed400000, 0x00000000ed400000|100%| E|  |TAMS 0x00000000ed300000| PB 0x00000000ed300000| Complete |  0
| 212|0x00000000ed400000, 0x00000000ed500000, 0x00000000ed500000|100%| E|CS|TAMS 0x00000000ed400000| PB 0x00000000ed400000| Complete |  0
| 213|0x00000000ed500000, 0x00000000ed600000, 0x00000000ed600000|100%| E|CS|TAMS 0x00000000ed500000| PB 0x00000000ed500000| Complete |  0
| 214|0x00000000ed600000, 0x00000000ed700000, 0x00000000ed700000|100%| E|CS|TAMS 0x00000000ed600000| PB 0x00000000ed600000| Complete |  0
| 215|0x00000000ed700000, 0x00000000ed800000, 0x00000000ed800000|100%| E|CS|TAMS 0x00000000ed700000| PB 0x00000000ed700000| Complete |  0
| 216|0x00000000ed800000, 0x00000000ed900000, 0x00000000ed900000|100%| E|CS|TAMS 0x00000000ed800000| PB 0x00000000ed800000| Complete |  0
| 217|0x00000000ed900000, 0x00000000eda00000, 0x00000000eda00000|100%| E|CS|TAMS 0x00000000ed900000| PB 0x00000000ed900000| Complete |  0
| 218|0x00000000eda00000, 0x00000000edb00000, 0x00000000edb00000|100%| E|CS|TAMS 0x00000000eda00000| PB 0x00000000eda00000| Complete |  0
| 219|0x00000000edb00000, 0x00000000edc00000, 0x00000000edc00000|100%| E|CS|TAMS 0x00000000edb00000| PB 0x00000000edb00000| Complete |  0
| 220|0x00000000edc00000, 0x00000000edd00000, 0x00000000edd00000|100%| E|CS|TAMS 0x00000000edc00000| PB 0x00000000edc00000| Complete |  0
| 221|0x00000000edd00000, 0x00000000ede00000, 0x00000000ede00000|100%| E|CS|TAMS 0x00000000edd00000| PB 0x00000000edd00000| Complete |  0
| 222|0x00000000ede00000, 0x00000000edf00000, 0x00000000edf00000|100%| E|CS|TAMS 0x00000000ede00000| PB 0x00000000ede00000| Complete |  0
| 223|0x00000000edf00000, 0x00000000ee000000, 0x00000000ee000000|100%| E|CS|TAMS 0x00000000edf00000| PB 0x00000000edf00000| Complete |  0
| 224|0x00000000ee000000, 0x00000000ee100000, 0x00000000ee100000|100%| S|CS|TAMS 0x00000000ee000000| PB 0x00000000ee000000| Complete |  0
| 225|0x00000000ee100000, 0x00000000ee200000, 0x00000000ee200000|100%| S|CS|TAMS 0x00000000ee100000| PB 0x00000000ee100000| Complete |  0
| 226|0x00000000ee200000, 0x00000000ee300000, 0x00000000ee300000|100%| S|CS|TAMS 0x00000000ee200000| PB 0x00000000ee200000| Complete |  0
| 227|0x00000000ee300000, 0x00000000ee400000, 0x00000000ee400000|100%| S|CS|TAMS 0x00000000ee300000| PB 0x00000000ee300000| Complete |  0
| 228|0x00000000ee400000, 0x00000000ee500000, 0x00000000ee500000|100%| E|CS|TAMS 0x00000000ee400000| PB 0x00000000ee400000| Complete |  0
| 229|0x00000000ee500000, 0x00000000ee600000, 0x00000000ee600000|100%| E|CS|TAMS 0x00000000ee500000| PB 0x00000000ee500000| Complete |  0
| 230|0x00000000ee600000, 0x00000000ee700000, 0x00000000ee700000|100%| E|CS|TAMS 0x00000000ee600000| PB 0x00000000ee600000| Complete |  0
| 231|0x00000000ee700000, 0x00000000ee800000, 0x00000000ee800000|100%| E|CS|TAMS 0x00000000ee700000| PB 0x00000000ee700000| Complete |  0
| 232|0x00000000ee800000, 0x00000000ee900000, 0x00000000ee900000|100%| E|CS|TAMS 0x00000000ee800000| PB 0x00000000ee800000| Complete |  0
| 233|0x00000000ee900000, 0x00000000eea00000, 0x00000000eea00000|100%| E|CS|TAMS 0x00000000ee900000| PB 0x00000000ee900000| Complete |  0
| 234|0x00000000eea00000, 0x00000000eeb00000, 0x00000000eeb00000|100%| E|CS|TAMS 0x00000000eea00000| PB 0x00000000eea00000| Complete |  0
| 235|0x00000000eeb00000, 0x00000000eec00000, 0x00000000eec00000|100%| E|CS|TAMS 0x00000000eeb00000| PB 0x00000000eeb00000| Complete |  0
| 236|0x00000000eec00000, 0x00000000eed00000, 0x00000000eed00000|100%| E|CS|TAMS 0x00000000eec00000| PB 0x00000000eec00000| Complete |  0
| 237|0x00000000eed00000, 0x00000000eee00000, 0x00000000eee00000|100%| E|CS|TAMS 0x00000000eed00000| PB 0x00000000eed00000| Complete |  0
| 238|0x00000000eee00000, 0x00000000eef00000, 0x00000000eef00000|100%| E|CS|TAMS 0x00000000eee00000| PB 0x00000000eee00000| Complete |  0
| 239|0x00000000eef00000, 0x00000000ef000000, 0x00000000ef000000|100%| E|CS|TAMS 0x00000000eef00000| PB 0x00000000eef00000| Complete |  0
| 240|0x00000000ef000000, 0x00000000ef100000, 0x00000000ef100000|100%| E|CS|TAMS 0x00000000ef000000| PB 0x00000000ef000000| Complete |  0
| 241|0x00000000ef100000, 0x00000000ef200000, 0x00000000ef200000|100%| E|CS|TAMS 0x00000000ef100000| PB 0x00000000ef100000| Complete |  0
| 242|0x00000000ef200000, 0x00000000ef300000, 0x00000000ef300000|100%| E|CS|TAMS 0x00000000ef200000| PB 0x00000000ef200000| Complete |  0
| 243|0x00000000ef300000, 0x00000000ef400000, 0x00000000ef400000|100%| E|CS|TAMS 0x00000000ef300000| PB 0x00000000ef300000| Complete |  0
| 244|0x00000000ef400000, 0x00000000ef500000, 0x00000000ef500000|100%| E|CS|TAMS 0x00000000ef400000| PB 0x00000000ef400000| Complete |  0
| 245|0x00000000ef500000, 0x00000000ef600000, 0x00000000ef600000|100%| E|CS|TAMS 0x00000000ef500000| PB 0x00000000ef500000| Complete |  0
| 246|0x00000000ef600000, 0x00000000ef700000, 0x00000000ef700000|100%| E|CS|TAMS 0x00000000ef600000| PB 0x00000000ef600000| Complete |  0
| 247|0x00000000ef700000, 0x00000000ef800000, 0x00000000ef800000|100%| E|CS|TAMS 0x00000000ef700000| PB 0x00000000ef700000| Complete |  0
| 248|0x00000000ef800000, 0x00000000ef900000, 0x00000000ef900000|100%| E|CS|TAMS 0x00000000ef800000| PB 0x00000000ef800000| Complete |  0
| 249|0x00000000ef900000, 0x00000000efa00000, 0x00000000efa00000|100%| E|CS|TAMS 0x00000000ef900000| PB 0x00000000ef900000| Complete |  0
| 250|0x00000000efa00000, 0x00000000efb00000, 0x00000000efb00000|100%| E|CS|TAMS 0x00000000efa00000| PB 0x00000000efa00000| Complete |  0
| 251|0x00000000efb00000, 0x00000000efc00000, 0x00000000efc00000|100%| E|CS|TAMS 0x00000000efb00000| PB 0x00000000efb00000| Complete |  0
| 252|0x00000000efc00000, 0x00000000efd00000, 0x00000000efd00000|100%| E|CS|TAMS 0x00000000efc00000| PB 0x00000000efc00000| Complete |  0
| 253|0x00000000efd00000, 0x00000000efe00000, 0x00000000efe00000|100%| E|CS|TAMS 0x00000000efd00000| PB 0x00000000efd00000| Complete |  0
| 254|0x00000000efe00000, 0x00000000eff00000, 0x00000000eff00000|100%| E|CS|TAMS 0x00000000efe00000| PB 0x00000000efe00000| Complete |  0
| 255|0x00000000eff00000, 0x00000000f0000000, 0x00000000f0000000|100%| E|CS|TAMS 0x00000000eff00000| PB 0x00000000eff00000| Complete |  0

Card table byte_map: [0x0000013a37d10000,0x0000013a37e10000] _byte_map_base: 0x0000013a37610000

Marking Bits: (CMBitMap*) 0x0000013a209e7430
 Bits: [0x0000013a37e10000, 0x0000013a38610000)

Polling page: 0x0000013a1e950000

Metaspace:

Usage:
  Non-class:     16.19 MB used.
      Class:      2.77 MB used.
       Both:     18.96 MB used.

Virtual space:
  Non-class space:       64.00 MB reserved,      16.56 MB ( 26%) committed,  1 nodes.
      Class space:      320.00 MB reserved,       3.06 MB ( <1%) committed,  1 nodes.
             Both:      384.00 MB reserved,      19.62 MB (  5%) committed. 

Chunk freelists:
   Non-Class:  14.78 MB
       Class:  12.98 MB
        Both:  27.76 MB

MaxMetaspaceSize: 384.00 MB
CompressedClassSpaceSize: 320.00 MB
Initial GC threshold: 21.00 MB
Current GC threshold: 21.00 MB
CDS: on
 - commit_granule_bytes: 65536.
 - commit_granule_words: 8192.
 - virtual_space_node_default_size: 8388608.
 - enlarge_chunks_in_place: 1.
 - use_allocation_guard: 0.


Internal statistics:

num_allocs_failed_limit: 0.
num_arena_births: 834.
num_arena_deaths: 0.
num_vsnodes_births: 2.
num_vsnodes_deaths: 0.
num_space_committed: 314.
num_space_uncommitted: 0.
num_chunks_returned_to_freelist: 0.
num_chunks_taken_from_freelist: 1555.
num_chunk_merges: 0.
num_chunk_splits: 1029.
num_chunks_enlarged: 694.
num_inconsistent_stats: 0.

CodeHeap 'non-profiled nmethods': size=120000Kb used=1395Kb max_used=1395Kb free=118604Kb
 bounds [0x0000013a307e0000, 0x0000013a30a50000, 0x0000013a37d10000]
CodeHeap 'profiled nmethods': size=120000Kb used=5924Kb max_used=5924Kb free=114075Kb
 bounds [0x0000013a28d10000, 0x0000013a292e0000, 0x0000013a30240000]
CodeHeap 'non-nmethods': size=5760Kb used=1512Kb max_used=1559Kb free=4247Kb
 bounds [0x0000013a30240000, 0x0000013a304b0000, 0x0000013a307e0000]
 total_blobs=3543 nmethods=2960 adapters=487
 compilation: enabled
              stopped_count=0, restarted_count=0
 full_count=0

Compilation events (20 events):
Event: 6.908 Thread 0x0000013a3ac408b0 2942       3       java.lang.invoke.InvokerBytecodeGenerator::emitReturn (107 bytes)
Event: 6.908 Thread 0x0000013a3ac408b0 nmethod 2942 0x0000013a292c7c90 code [0x0000013a292c7ea0, 0x0000013a292c8358]
Event: 6.911 Thread 0x0000013a3ac408b0 2943       3       java.lang.invoke.LambdaFormBuffer::lambdaForm (37 bytes)
Event: 6.911 Thread 0x0000013a3ac408b0 nmethod 2943 0x0000013a292c8590 code [0x0000013a292c8760, 0x0000013a292c8b20]
Event: 6.972 Thread 0x0000013a3ac408b0 2944       3       org.gradle.internal.service.RelevantMethods$RelevantMethodsBuilder::add (101 bytes)
Event: 6.974 Thread 0x0000013a3ac408b0 nmethod 2944 0x0000013a292c8c90 code [0x0000013a292c8f60, 0x0000013a292c9ca0]
Event: 6.975 Thread 0x0000013a3ac408b0 2945       3       jdk.internal.org.objectweb.asm.Frame::putAbstractType (379 bytes)
Event: 6.976 Thread 0x0000013a3ac408b0 nmethod 2945 0x0000013a292ca290 code [0x0000013a292ca6e0, 0x0000013a292cbe80]
Event: 6.976 Thread 0x0000013a3ac408b0 2946       3       org.gradle.internal.service.DefaultServiceRegistry$CollectingVisitor::visit (25 bytes)
Event: 6.976 Thread 0x0000013a3ac408b0 nmethod 2946 0x0000013a292cc890 code [0x0000013a292cca40, 0x0000013a292ccd28]
Event: 6.976 Thread 0x0000013a3ac408b0 2947       3       java.lang.invoke.LambdaFormBuffer::replaceFunctions (121 bytes)
Event: 6.977 Thread 0x0000013a3ac408b0 nmethod 2947 0x0000013a292cce10 code [0x0000013a292cd060, 0x0000013a292cd9e8]
Event: 7.000 Thread 0x0000013a3ac408b0 2949       3       java.lang.invoke.LambdaForm$MH/0x0000013a3c0c0000::invoke (42 bytes)
Event: 7.001 Thread 0x0000013a3ac408b0 nmethod 2949 0x0000013a292cdd90 code [0x0000013a292ce000, 0x0000013a292cecb0]
Event: 7.006 Thread 0x0000013a3ac408b0 2950   !   3       jdk.proxy1.$Proxy4::value (29 bytes)
Event: 7.006 Thread 0x0000013a3ac408b0 nmethod 2950 0x0000013a292cf090 code [0x0000013a292cf260, 0x0000013a292cf640]
Event: 7.014 Thread 0x0000013a3ac408b0 2951   !   3       jdk.proxy1.$Proxy2::value (29 bytes)
Event: 7.014 Thread 0x0000013a3ac408b0 nmethod 2951 0x0000013a292cf810 code [0x0000013a292cf9e0, 0x0000013a292cfdc0]
Event: 7.014 Thread 0x0000013a3ac408b0 2952       3       org.gradle.internal.service.DefaultServiceRegistry$FactoryMethodService::<init> (34 bytes)
Event: 7.015 Thread 0x0000013a3ac408b0 nmethod 2952 0x0000013a292cff90 code [0x0000013a292d0160, 0x0000013a292d05c8]

GC Heap History (4 events):
Event: 0.775 GC heap before
{Heap before GC invocations=0 (full 0):
 garbage-first heap   total reserved 524288K, committed 262144K, used 13312K [0x00000000e0000000, 0x0000000100000000)
  region size 1024K, 14 young (14336K), 0 survivors (0K)
 Metaspace       used 826K, committed 960K, reserved 393216K
  class space    used 68K, committed 128K, reserved 327680K
}
Event: 0.786 GC heap after
{Heap after GC invocations=1 (full 0):
 garbage-first heap   total reserved 524288K, committed 262144K, used 1280K [0x00000000e0000000, 0x0000000100000000)
  region size 1024K, 2 young (2048K), 2 survivors (2048K)
 Metaspace       used 826K, committed 960K, reserved 393216K
  class space    used 68K, committed 128K, reserved 327680K
}
Event: 2.598 GC heap before
{Heap before GC invocations=1 (full 0):
 garbage-first heap   total reserved 524288K, committed 262144K, used 32000K [0x00000000e0000000, 0x0000000100000000)
  region size 1024K, 28 young (28672K), 2 survivors (2048K)
 Metaspace       used 4300K, committed 4480K, reserved 393216K
  class space    used 539K, committed 640K, reserved 327680K
}
Event: 2.603 GC heap after
{Heap after GC invocations=2 (full 0):
 garbage-first heap   total reserved 524288K, committed 262144K, used 11554K [0x00000000e0000000, 0x0000000100000000)
  region size 1024K, 4 young (4096K), 4 survivors (4096K)
 Metaspace       used 4300K, committed 4480K, reserved 393216K
  class space    used 539K, committed 640K, reserved 327680K
}

Dll operation events (15 events):
Event: 0.014 Loaded shared library C:\Users\Isaac\.jdks\openjdk-22.0.2\bin\java.dll
Event: 0.086 Loaded shared library C:\Users\Isaac\.jdks\openjdk-22.0.2\bin\jsvml.dll
Event: 0.142 Loaded shared library C:\Users\Isaac\.jdks\openjdk-22.0.2\bin\zip.dll
Event: 0.147 Loaded shared library C:\Users\Isaac\.jdks\openjdk-22.0.2\bin\instrument.dll
Event: 0.152 Loaded shared library C:\Users\Isaac\.jdks\openjdk-22.0.2\bin\net.dll
Event: 0.154 Loaded shared library C:\Users\Isaac\.jdks\openjdk-22.0.2\bin\nio.dll
Event: 0.157 Loaded shared library C:\Users\Isaac\.jdks\openjdk-22.0.2\bin\zip.dll
Event: 0.833 Loaded shared library C:\Users\Isaac\.jdks\openjdk-22.0.2\bin\jimage.dll
Event: 1.204 Loaded shared library C:\Users\Isaac\.jdks\openjdk-22.0.2\bin\verify.dll
Event: 1.570 Loaded shared library C:\Users\Isaac\.gradle\native\c067742578af261105cb4f569cf0c3c89f3d7b1fecec35dd04571415982c5e48\windows-amd64\native-platform.dll
Event: 1.580 Loaded shared library C:\Users\Isaac\.gradle\native\100fb08df4bc3b14c8652ba06237920a3bd2aa13389f12d3474272988ae205f9\windows-amd64\native-platform-file-events.dll
Event: 4.255 Loaded shared library C:\Users\Isaac\.jdks\openjdk-22.0.2\bin\management.dll
Event: 4.264 Loaded shared library C:\Users\Isaac\.jdks\openjdk-22.0.2\bin\management_ext.dll
Event: 4.634 Loaded shared library C:\Users\Isaac\.jdks\openjdk-22.0.2\bin\extnet.dll
Event: 4.957 Loaded shared library C:\Users\Isaac\.jdks\openjdk-22.0.2\bin\sunmscapi.dll

Deoptimization events (20 events):
Event: 6.022 Thread 0x0000013a55b467d0 DEOPT PACKING pc=0x0000013a308a7864 sp=0x000000315fafc150
Event: 6.022 Thread 0x0000013a55b467d0 DEOPT UNPACKING pc=0x0000013a302946a2 sp=0x000000315fafc108 mode 2
Event: 6.248 Thread 0x0000013a55b467d0 Uncommon trap: trap_request=0xffffff45 fr.pc=0x0000013a308d3fe0 relative=0x00000000000000c0
Event: 6.248 Thread 0x0000013a55b467d0 Uncommon trap: reason=unstable_if action=reinterpret pc=0x0000013a308d3fe0 method=jdk.internal.misc.Unsafe.convEndian(ZI)I @ 4 c2
Event: 6.248 Thread 0x0000013a55b467d0 DEOPT PACKING pc=0x0000013a308d3fe0 sp=0x000000315fafb200
Event: 6.248 Thread 0x0000013a55b467d0 DEOPT UNPACKING pc=0x0000013a302946a2 sp=0x000000315fafb098 mode 2
Event: 6.298 Thread 0x0000013a55b467d0 Uncommon trap: trap_request=0xffffff45 fr.pc=0x0000013a308022e4 relative=0x0000000000000a44
Event: 6.298 Thread 0x0000013a55b467d0 Uncommon trap: reason=unstable_if action=reinterpret pc=0x0000013a308022e4 method=java.io.WinNTFileSystem.resolve(Ljava/lang/String;Ljava/lang/String;)Ljava/lang/String; @ 42 c2
Event: 6.298 Thread 0x0000013a55b467d0 DEOPT PACKING pc=0x0000013a308022e4 sp=0x000000315fafb4e0
Event: 6.298 Thread 0x0000013a55b467d0 DEOPT UNPACKING pc=0x0000013a302946a2 sp=0x000000315fafb488 mode 2
Event: 6.300 Thread 0x0000013a55b467d0 Uncommon trap: trap_request=0xffffff45 fr.pc=0x0000013a30870df8 relative=0x00000000000005b8
Event: 6.301 Thread 0x0000013a55b467d0 Uncommon trap: reason=unstable_if action=reinterpret pc=0x0000013a30870df8 method=java.io.File.getName()Ljava/lang/String; @ 16 c2
Event: 6.301 Thread 0x0000013a55b467d0 DEOPT PACKING pc=0x0000013a30870df8 sp=0x000000315fafb4d0
Event: 6.301 Thread 0x0000013a55b467d0 DEOPT UNPACKING pc=0x0000013a302946a2 sp=0x000000315fafb4a0 mode 2
Event: 6.388 Thread 0x0000013a55b467d0 Uncommon trap: trap_request=0xffffff45 fr.pc=0x0000013a30807194 relative=0x00000000000000f4
Event: 6.388 Thread 0x0000013a55b467d0 Uncommon trap: reason=unstable_if action=reinterpret pc=0x0000013a30807194 method=java.util.HashMap.hash(Ljava/lang/Object;)I @ 1 c2
Event: 6.388 Thread 0x0000013a55b467d0 DEOPT PACKING pc=0x0000013a30807194 sp=0x000000315fafc530
Event: 6.388 Thread 0x0000013a55b467d0 DEOPT UNPACKING pc=0x0000013a302946a2 sp=0x000000315fafc470 mode 2
Event: 6.831 Thread 0x0000013a55b467d0 DEOPT PACKING pc=0x0000013a28dffa39 sp=0x000000315fafb190
Event: 6.831 Thread 0x0000013a55b467d0 DEOPT UNPACKING pc=0x0000013a30294e42 sp=0x000000315fafa628 mode 0

Classes loaded (20 events):
Event: 6.487 Loading class java/lang/invoke/BoundMethodHandle$Species_LLLLLLLLLLLLLLLLLLLLLLL
Event: 6.487 Loading class java/lang/invoke/BoundMethodHandle$Species_LLLLLLLLLLLLLLLLLLLLLLL done
Event: 6.545 Loading class java/util/Collections$2
Event: 6.546 Loading class java/util/Collections$2 done
Event: 6.692 Loading class java/util/function/LongFunction
Event: 6.693 Loading class java/util/function/LongFunction done
Event: 6.783 Loading class java/security/InvalidKeyException
Event: 6.784 Loading class java/security/KeyException
Event: 6.784 Loading class java/security/KeyException done
Event: 6.784 Loading class java/security/InvalidKeyException done
Event: 6.855 Loading class java/io/ObjectOutputStream
Event: 6.856 Loading class java/io/ObjectOutput
Event: 6.856 Loading class java/io/ObjectOutput done
Event: 6.856 Loading class java/io/ObjectStreamConstants
Event: 6.856 Loading class java/io/ObjectStreamConstants done
Event: 6.856 Loading class java/io/ObjectOutputStream done
Event: 6.857 Loading class java/io/ObjectInputStream
Event: 6.858 Loading class java/io/ObjectInput
Event: 6.859 Loading class java/io/ObjectInput done
Event: 6.859 Loading class java/io/ObjectInputStream done

Classes unloaded (0 events):
No events

Classes redefined (0 events):
No events

Internal exceptions (20 events):
Event: 6.363 Thread 0x0000013a55b467d0 Exception <a 'java/lang/IncompatibleClassChangeError'{0x00000000e921c038}: Found class java.lang.Object, but interface was expected> (0x00000000e921c038) 
thrown [s\open\src\hotspot\share\interpreter\linkResolver.cpp, line 841]
Event: 6.388 Thread 0x0000013a55b467d0 Implicit null exception at 0x0000013a308070e6 to 0x0000013a3080718a
Event: 6.408 Thread 0x0000013a55b467d0 Exception <a 'java/lang/NoSuchMethodError'{0x00000000e90048d0}: 'int java.lang.invoke.DirectMethodHandle$Holder.invokeStatic(java.lang.Object, java.lang.Object, java.lang.Object, java.lang.Object)'> (0x00000000e90048d0) 
thrown [s\open\src\hotspot\share\interpreter\linkResolver.cpp, line 774]
Event: 6.463 Thread 0x0000013a55b467d0 Exception <a 'java/lang/NoSuchMethodError'{0x00000000e8fdd098}: 'java.lang.Object java.lang.invoke.DelegatingMethodHandle$Holder.reinvoke_L(java.lang.Object, java.lang.Object, java.lang.Object, java.lang.Object, java.lang.Object, java.lang.Object, java.lang.Object, java.lang.Object, java.lang.Object, java.lang.Object, java.lang.Object, java.lang.Object, java.lang.Object, java.lang.Object, java.lang.Object, java.lang.Object, java.lang.Object, java.lang.Object, java.lang.Object, java.lang.Object, java.lang.O
Event: 6.469 Thread 0x0000013a55b467d0 Exception <a 'java/lang/NoSuchMethodError'{0x00000000e8e4a6d0}: 'java.lang.Object java.lang.invoke.DirectMethodHandle$Holder.invokeStatic(java.lang.Object, java.lang.Object, java.lang.Object, java.lang.Object, java.lang.Object, java.lang.Object, java.lang.Object, java.lang.Object, java.lang.Object, java.lang.Object, java.lang.Object, java.lang.Object, java.lang.Object, java.lang.Object, java.lang.Object, java.lang.Object, java.lang.Object)'> (0x00000000e8e4a6d0) 
thrown [s\open\src\hotspot\share\interprete
Event: 6.471 Thread 0x0000013a55b467d0 Exception <a 'java/lang/NoSuchMethodError'{0x00000000e8e73430}: 'java.lang.Object java.lang.invoke.DirectMethodHandle$Holder.invokeStatic(java.lang.Object, java.lang.Object, java.lang.Object, java.lang.Object, java.lang.Object, java.lang.Object, java.lang.Object, java.lang.Object, java.lang.Object, java.lang.Object, java.lang.Object, java.lang.Object, java.lang.Object, java.lang.Object, java.lang.Object, java.lang.Object, java.lang.Object, java.lang.Object)'> (0x00000000e8e73430) 
thrown [s\open\src\hotspo
Event: 6.473 Thread 0x0000013a55b467d0 Exception <a 'java/lang/NoSuchMethodError'{0x00000000e8e9d980}: 'java.lang.Object java.lang.invoke.DirectMethodHandle$Holder.invokeStatic(java.lang.Object, java.lang.Object, java.lang.Object, java.lang.Object, java.lang.Object, java.lang.Object, java.lang.Object, java.lang.Object, java.lang.Object, java.lang.Object, java.lang.Object, java.lang.Object, java.lang.Object, java.lang.Object, java.lang.Object, java.lang.Object, java.lang.Object, java.lang.Object, java.lang.Object)'> (0x00000000e8e9d980) 
thrown 
Event: 6.475 Thread 0x0000013a55b467d0 Exception <a 'java/lang/NoSuchMethodError'{0x00000000e8ec8e40}: 'java.lang.Object java.lang.invoke.DirectMethodHandle$Holder.invokeStatic(java.lang.Object, java.lang.Object, java.lang.Object, java.lang.Object, java.lang.Object, java.lang.Object, java.lang.Object, java.lang.Object, java.lang.Object, java.lang.Object, java.lang.Object, java.lang.Object, java.lang.Object, java.lang.Object, java.lang.Object, java.lang.Object, java.lang.Object, java.lang.Object, java.lang.Object, java.lang.Object)'> (0x00000000
Event: 6.476 Thread 0x0000013a55b467d0 Exception <a 'java/lang/NoSuchMethodError'{0x00000000e8ef5510}: 'java.lang.Object java.lang.invoke.DirectMethodHandle$Holder.invokeStatic(java.lang.Object, java.lang.Object, java.lang.Object, java.lang.Object, java.lang.Object, java.lang.Object, java.lang.Object, java.lang.Object, java.lang.Object, java.lang.Object, java.lang.Object, java.lang.Object, java.lang.Object, java.lang.Object, java.lang.Object, java.lang.Object, java.lang.Object, java.lang.Object, java.lang.Object, java.lang.Object, java.lang.Obj
Event: 6.478 Thread 0x0000013a55b467d0 Exception <a 'java/lang/NoSuchMethodError'{0x00000000e8d22f60}: 'java.lang.Object java.lang.invoke.DirectMethodHandle$Holder.invokeStatic(java.lang.Object, java.lang.Object, java.lang.Object, java.lang.Object, java.lang.Object, java.lang.Object, java.lang.Object, java.lang.Object, java.lang.Object, java.lang.Object, java.lang.Object, java.lang.Object, java.lang.Object, java.lang.Object, java.lang.Object, java.lang.Object, java.lang.Object, java.lang.Object, java.lang.Object, java.lang.Object, java.lang.Obj
Event: 6.481 Thread 0x0000013a55b467d0 Exception <a 'java/lang/NoSuchMethodError'{0x00000000e8d511f0}: 'java.lang.Object java.lang.invoke.DirectMethodHandle$Holder.invokeStatic(java.lang.Object, java.lang.Object, java.lang.Object, java.lang.Object, java.lang.Object, java.lang.Object, java.lang.Object, java.lang.Object, java.lang.Object, java.lang.Object, java.lang.Object, java.lang.Object, java.lang.Object, java.lang.Object, java.lang.Object, java.lang.Object, java.lang.Object, java.lang.Object, java.lang.Object, java.lang.Object, java.lang.Obj
Event: 6.483 Thread 0x0000013a55b467d0 Exception <a 'java/lang/NoSuchMethodError'{0x00000000e8d80638}: 'java.lang.Object java.lang.invoke.DirectMethodHandle$Holder.invokeStatic(java.lang.Object, java.lang.Object, java.lang.Object, java.lang.Object, java.lang.Object, java.lang.Object, java.lang.Object, java.lang.Object, java.lang.Object, java.lang.Object, java.lang.Object, java.lang.Object, java.lang.Object, java.lang.Object, java.lang.Object, java.lang.Object, java.lang.Object, java.lang.Object, java.lang.Object, java.lang.Object, java.lang.Obj
Event: 6.486 Thread 0x0000013a55b467d0 Exception <a 'java/lang/NoSuchMethodError'{0x00000000e8db03e8}: 'java.lang.Object java.lang.invoke.DirectMethodHandle$Holder.invokeStatic(java.lang.Object, java.lang.Object, java.lang.Object, java.lang.Object, java.lang.Object, java.lang.Object, java.lang.Object, java.lang.Object, java.lang.Object, java.lang.Object, java.lang.Object, java.lang.Object, java.lang.Object, java.lang.Object, java.lang.Object, java.lang.Object, java.lang.Object, java.lang.Object, java.lang.Object, java.lang.Object, java.lang.Obj
Event: 6.488 Thread 0x0000013a55b467d0 Exception <a 'java/lang/NoSuchMethodError'{0x00000000e8de1b30}: 'java.lang.Object java.lang.invoke.DirectMethodHandle$Holder.invokeStatic(java.lang.Object, java.lang.Object, java.lang.Object, java.lang.Object, java.lang.Object, java.lang.Object, java.lang.Object, java.lang.Object, java.lang.Object, java.lang.Object, java.lang.Object, java.lang.Object, java.lang.Object, java.lang.Object, java.lang.Object, java.lang.Object, java.lang.Object, java.lang.Object, java.lang.Object, java.lang.Object, java.lang.Obj
Event: 6.511 Thread 0x0000013a55b467d0 Exception <a 'java/lang/IncompatibleClassChangeError'{0x00000000e8cd6408}: Found class java.lang.Object, but interface was expected> (0x00000000e8cd6408) 
thrown [s\open\src\hotspot\share\interpreter\linkResolver.cpp, line 841]
Event: 6.828 Thread 0x0000013a55b467d0 Exception <a 'java/lang/IncompatibleClassChangeError'{0x00000000e82d5ea0}: Found class java.lang.Object, but interface was expected> (0x00000000e82d5ea0) 
thrown [s\open\src\hotspot\share\interpreter\linkResolver.cpp, line 841]
Event: 6.833 Thread 0x0000013a55b467d0 Exception <a 'java/lang/NoSuchMethodError'{0x00000000e82fe8e8}: 'java.lang.Object java.lang.invoke.DirectMethodHandle$Holder.newInvokeSpecial(java.lang.Object, java.lang.Object, java.lang.Object, java.lang.Object, java.lang.Object, java.lang.Object, java.lang.Object, java.lang.Object, java.lang.Object, java.lang.Object)'> (0x00000000e82fe8e8) 
thrown [s\open\src\hotspot\share\interpreter\linkResolver.cpp, line 774]
Event: 6.871 Thread 0x0000013a55b467d0 Exception <a 'java/lang/NoSuchMethodError'{0x00000000e8013cf0}: 'java.lang.Object java.lang.invoke.DirectMethodHandle$Holder.newInvokeSpecial(java.lang.Object, java.lang.Object, java.lang.Object, java.lang.Object, java.lang.Object, java.lang.Object, java.lang.Object, java.lang.Object)'> (0x00000000e8013cf0) 
thrown [s\open\src\hotspot\share\interpreter\linkResolver.cpp, line 774]
Event: 6.887 Thread 0x0000013a55b467d0 Exception <a 'java/lang/NoSuchMethodError'{0x00000000e8090990}: 'int java.lang.invoke.DirectMethodHandle$Holder.invokeStaticInit(java.lang.Object, java.lang.Object, java.lang.Object)'> (0x00000000e8090990) 
thrown [s\open\src\hotspot\share\interpreter\linkResolver.cpp, line 774]
Event: 7.026 Thread 0x0000013a55b467d0 Exception <a 'java/lang/NoSuchMethodError'{0x00000000e7be83e8}: 'java.lang.Object java.lang.invoke.DirectMethodHandle$Holder.invokeVirtual(java.lang.Object, java.lang.Object, java.lang.Object, java.lang.Object, java.lang.Object, java.lang.Object, java.lang.Object, java.lang.Object, java.lang.Object, java.lang.Object, java.lang.Object, java.lang.Object, java.lang.Object, java.lang.Object, java.lang.Object, java.lang.Object, java.lang.Object, java.lang.Object, java.lang.Object, java.lang.Object, java.lang.Ob

ZGC Phase Switch (0 events):
No events

VM Operations (20 events):
Event: 4.467 Executing VM operation: HandshakeAllThreads (Deoptimize)
Event: 4.467 Executing VM operation: HandshakeAllThreads (Deoptimize) done
Event: 4.526 Executing VM operation: HandshakeAllThreads (Deoptimize)
Event: 4.526 Executing VM operation: HandshakeAllThreads (Deoptimize) done
Event: 4.597 Executing VM operation: HandshakeAllThreads (Deoptimize)
Event: 4.597 Executing VM operation: HandshakeAllThreads (Deoptimize) done
Event: 4.718 Executing VM operation: HandshakeAllThreads (Deoptimize)
Event: 4.718 Executing VM operation: HandshakeAllThreads (Deoptimize) done
Event: 4.718 Executing VM operation: Cleanup
Event: 4.718 Executing VM operation: Cleanup done
Event: 4.911 Executing VM operation: HandshakeAllThreads (Deoptimize)
Event: 4.924 Executing VM operation: HandshakeAllThreads (Deoptimize) done
Event: 5.939 Executing VM operation: Cleanup
Event: 5.939 Executing VM operation: Cleanup done
Event: 6.048 Executing VM operation: HandshakeAllThreads (Deoptimize)
Event: 6.048 Executing VM operation: HandshakeAllThreads (Deoptimize) done
Event: 6.496 Executing VM operation: HandshakeAllThreads (Deoptimize)
Event: 6.496 Executing VM operation: HandshakeAllThreads (Deoptimize) done
Event: 6.496 Executing VM operation: HandshakeAllThreads (Deoptimize)
Event: 6.497 Executing VM operation: HandshakeAllThreads (Deoptimize) done

Memory protections (0 events):
No events

Nmethod flushes (0 events):
No events

Events (20 events):
Event: 0.084 Thread 0x0000013a1e831b20 Thread added: 0x0000013a3ac1fed0
Event: 0.084 Thread 0x0000013a1e831b20 Thread added: 0x0000013a3ac20930
Event: 0.084 Thread 0x0000013a1e831b20 Thread added: 0x0000013a3ac293a0
Event: 0.084 Thread 0x0000013a1e831b20 Thread added: 0x0000013a3ac2a130
Event: 0.084 Thread 0x0000013a1e831b20 Thread added: 0x0000013a3ac408b0
Event: 0.114 Thread 0x0000013a1e831b20 Thread added: 0x0000013a3abeed80
Event: 0.176 Thread 0x0000013a1e831b20 Thread added: 0x0000013a54243fd0
Event: 4.331 Thread 0x0000013a1e831b20 Thread added: 0x0000013a558bdbb0
Event: 4.721 Thread 0x0000013a1e831b20 Thread added: 0x0000013a55aea170
Event: 4.920 Thread 0x0000013a1e831b20 Thread added: 0x0000013a55b77330
Event: 5.000 Thread 0x0000013a55aea170 Thread added: 0x0000013a55b1d670
Event: 5.014 Thread 0x0000013a55b1d670 Thread added: 0x0000013a55b1e0b0
Event: 5.067 Thread 0x0000013a55b1d670 Thread added: 0x0000013a55b46160
Event: 5.077 Thread 0x0000013a55b1d670 Thread added: 0x0000013a55b467d0
Event: 5.092 Thread 0x0000013a55b467d0 Thread added: 0x0000013a55cee8d0
Event: 5.097 Thread 0x0000013a55b467d0 Thread added: 0x0000013a55cece90
Event: 5.101 Thread 0x0000013a55b467d0 Thread added: 0x0000013a55cee240
Event: 6.048 Thread 0x0000013a55b467d0 Thread added: 0x0000013a55cef5f0
Event: 6.059 Thread 0x0000013a55b467d0 Thread added: 0x0000013a55cefc80
Event: 6.201 Thread 0x0000013a55b467d0 Thread added: 0x0000013a55ced520


Dynamic libraries:
0x00007ff694270000 - 0x00007ff69427e000 	C:\Users\Isaac\.jdks\openjdk-22.0.2\bin\java.exe
0x00007ffcb7f30000 - 0x00007ffcb8125000 	C:\Windows\SYSTEM32\ntdll.dll
0x00007ffcb6ce0000 - 0x00007ffcb6d9e000 	C:\Windows\System32\KERNEL32.DLL
0x00007ffcb5910000 - 0x00007ffcb5bd9000 	C:\Windows\System32\KERNELBASE.dll
0x00007ffcb5650000 - 0x00007ffcb5750000 	C:\Windows\System32\ucrtbase.dll
0x00007ffcb17f0000 - 0x00007ffcb1807000 	C:\Users\Isaac\.jdks\openjdk-22.0.2\bin\jli.dll
0x00007ffcb7870000 - 0x00007ffcb7a11000 	C:\Windows\System32\USER32.dll
0x00007ffca8010000 - 0x00007ffca802b000 	C:\Users\Isaac\.jdks\openjdk-22.0.2\bin\VCRUNTIME140.dll
0x00007ffcb5e40000 - 0x00007ffcb5e62000 	C:\Windows\System32\win32u.dll
0x00007ffcb7550000 - 0x00007ffcb757b000 	C:\Windows\System32\GDI32.dll
0x00007ffcb5be0000 - 0x00007ffcb5ceb000 	C:\Windows\System32\gdi32full.dll
0x00007ffca1bb0000 - 0x00007ffca1e4a000 	C:\Windows\WinSxS\amd64_microsoft.windows.common-controls_6595b64144ccf1df_6.0.19041.1110_none_60b5254171f9507e\COMCTL32.dll
0x00007ffcb5da0000 - 0x00007ffcb5e3d000 	C:\Windows\System32\msvcp_win.dll
0x00007ffcb6130000 - 0x00007ffcb61ce000 	C:\Windows\System32\msvcrt.dll
0x00007ffcb6950000 - 0x00007ffcb6980000 	C:\Windows\System32\IMM32.DLL
0x00007ffcb1ee0000 - 0x00007ffcb1eec000 	C:\Users\Isaac\.jdks\openjdk-22.0.2\bin\vcruntime140_1.dll
0x00007ffc91fb0000 - 0x00007ffc9203e000 	C:\Users\Isaac\.jdks\openjdk-22.0.2\bin\msvcp140.dll
0x00007ffc60980000 - 0x00007ffc616c9000 	C:\Users\Isaac\.jdks\openjdk-22.0.2\bin\server\jvm.dll
0x00007ffcb61e0000 - 0x00007ffcb628c000 	C:\Windows\System32\ADVAPI32.dll
0x00007ffcb7580000 - 0x00007ffcb761b000 	C:\Windows\System32\sechost.dll
0x00007ffcb6000000 - 0x00007ffcb612a000 	C:\Windows\System32\RPCRT4.dll
0x00007ffcb6290000 - 0x00007ffcb62fb000 	C:\Windows\System32\WS2_32.dll
0x00007ffcb5410000 - 0x00007ffcb545b000 	C:\Windows\SYSTEM32\POWRPROF.dll
0x00007ffca3c40000 - 0x00007ffca3c67000 	C:\Windows\SYSTEM32\WINMM.dll
0x00007ffcae4c0000 - 0x00007ffcae4ca000 	C:\Windows\SYSTEM32\VERSION.dll
0x00007ffcb53f0000 - 0x00007ffcb5402000 	C:\Windows\SYSTEM32\UMPDC.dll
0x00007ffcb3f20000 - 0x00007ffcb3f32000 	C:\Windows\SYSTEM32\kernel.appcore.dll
0x00007ffcb1ea0000 - 0x00007ffcb1eaa000 	C:\Users\Isaac\.jdks\openjdk-22.0.2\bin\jimage.dll
0x00007ffcb32d0000 - 0x00007ffcb34b4000 	C:\Windows\SYSTEM32\DBGHELP.DLL
0x00007ffc9b5a0000 - 0x00007ffc9b5cc000 	C:\Windows\SYSTEM32\dbgcore.DLL
0x00007ffcb5ec0000 - 0x00007ffcb5f43000 	C:\Windows\System32\bcryptPrimitives.dll
0x00007ffcb1840000 - 0x00007ffcb184f000 	C:\Users\Isaac\.jdks\openjdk-22.0.2\bin\instrument.dll
0x00007ffca21c0000 - 0x00007ffca21de000 	C:\Users\Isaac\.jdks\openjdk-22.0.2\bin\java.dll
0x00007ffcb6e10000 - 0x00007ffcb754f000 	C:\Windows\System32\SHELL32.dll
0x00007ffcb7dc0000 - 0x00007ffcb7eea000 	C:\Windows\System32\ole32.dll
0x00007ffcb6980000 - 0x00007ffcb6cd5000 	C:\Windows\System32\combase.dll
0x00007ffcb3750000 - 0x00007ffcb3ee0000 	C:\Windows\SYSTEM32\windows.storage.dll
0x00007ffcb4fd0000 - 0x00007ffcb4ffc000 	C:\Windows\SYSTEM32\Wldp.dll
0x00007ffcb7700000 - 0x00007ffcb77ad000 	C:\Windows\System32\SHCORE.dll
0x00007ffcb6300000 - 0x00007ffcb6355000 	C:\Windows\System32\shlwapi.dll
0x00007ffcb5590000 - 0x00007ffcb55af000 	C:\Windows\SYSTEM32\profapi.dll
0x00007ffc85140000 - 0x00007ffc85217000 	C:\Users\Isaac\.jdks\openjdk-22.0.2\bin\jsvml.dll
0x00007ffca2150000 - 0x00007ffca2167000 	C:\Users\Isaac\.jdks\openjdk-22.0.2\bin\zip.dll
0x00007ffcb17e0000 - 0x00007ffcb17f0000 	C:\Users\Isaac\.jdks\openjdk-22.0.2\bin\net.dll
0x00007ffcb4d30000 - 0x00007ffcb4d9a000 	C:\Windows\system32\mswsock.dll
0x00007ffca2130000 - 0x00007ffca2146000 	C:\Users\Isaac\.jdks\openjdk-22.0.2\bin\nio.dll
0x00007ffca7fb0000 - 0x00007ffca7fc0000 	C:\Users\Isaac\.jdks\openjdk-22.0.2\bin\verify.dll
0x00007ffcaed80000 - 0x00007ffcaeda7000 	C:\Users\Isaac\.gradle\native\c067742578af261105cb4f569cf0c3c89f3d7b1fecec35dd04571415982c5e48\windows-amd64\native-platform.dll
0x00007ffc84e40000 - 0x00007ffc84f84000 	C:\Users\Isaac\.gradle\native\100fb08df4bc3b14c8652ba06237920a3bd2aa13389f12d3474272988ae205f9\windows-amd64\native-platform-file-events.dll
0x00007ffca7f80000 - 0x00007ffca7f8a000 	C:\Users\Isaac\.jdks\openjdk-22.0.2\bin\management.dll
0x00007ffca7ed0000 - 0x00007ffca7edb000 	C:\Users\Isaac\.jdks\openjdk-22.0.2\bin\management_ext.dll
0x00007ffcb6940000 - 0x00007ffcb6948000 	C:\Windows\System32\PSAPI.DLL
0x00007ffcb4f20000 - 0x00007ffcb4f38000 	C:\Windows\SYSTEM32\CRYPTSP.dll
0x00007ffcb46b0000 - 0x00007ffcb46e4000 	C:\Windows\system32\rsaenh.dll
0x00007ffcb5f50000 - 0x00007ffcb5f77000 	C:\Windows\System32\bcrypt.dll
0x00007ffcb5510000 - 0x00007ffcb553e000 	C:\Windows\SYSTEM32\USERENV.dll
0x00007ffcb4f40000 - 0x00007ffcb4f4c000 	C:\Windows\SYSTEM32\CRYPTBASE.dll
0x00007ffcb4a20000 - 0x00007ffcb4a5b000 	C:\Windows\SYSTEM32\IPHLPAPI.DLL
0x00007ffcb61d0000 - 0x00007ffcb61d8000 	C:\Windows\System32\NSI.dll
0x00007ffca2120000 - 0x00007ffca2129000 	C:\Users\Isaac\.jdks\openjdk-22.0.2\bin\extnet.dll
0x00007ffca2110000 - 0x00007ffca211e000 	C:\Users\Isaac\.jdks\openjdk-22.0.2\bin\sunmscapi.dll
0x00007ffcb57b0000 - 0x00007ffcb5906000 	C:\Windows\System32\CRYPT32.dll
0x00007ffcb50a0000 - 0x00007ffcb50c7000 	C:\Windows\SYSTEM32\ncrypt.dll
0x00007ffcb5060000 - 0x00007ffcb509b000 	C:\Windows\SYSTEM32\NTASN1.dll
0x00007ffc8e0a0000 - 0x00007ffc8e0a7000 	C:\Windows\system32\wshunix.dll

dbghelp: loaded successfully - version: 4.0.5 - missing functions: none
symbol engine: initialized successfully - sym options: 0x614 - pdb path: .;C:\Users\Isaac\.jdks\openjdk-22.0.2\bin;C:\Windows\SYSTEM32;C:\Windows\WinSxS\amd64_microsoft.windows.common-controls_6595b64144ccf1df_6.0.19041.1110_none_60b5254171f9507e;C:\Users\Isaac\.jdks\openjdk-22.0.2\bin\server;C:\Users\Isaac\.gradle\native\c067742578af261105cb4f569cf0c3c89f3d7b1fecec35dd04571415982c5e48\windows-amd64;C:\Users\Isaac\.gradle\native\100fb08df4bc3b14c8652ba06237920a3bd2aa13389f12d3474272988ae205f9\windows-amd64

VM Arguments:
jvm_args: --add-opens=java.base/java.util=ALL-UNNAMED --add-opens=java.base/java.lang=ALL-UNNAMED --add-opens=java.base/java.lang.invoke=ALL-UNNAMED --add-opens=java.prefs/java.util.prefs=ALL-UNNAMED --add-exports=jdk.compiler/com.sun.tools.javac.api=ALL-UNNAMED --add-exports=jdk.compiler/com.sun.tools.javac.util=ALL-UNNAMED --add-opens=java.base/java.nio.charset=ALL-UNNAMED --add-opens=java.base/java.net=ALL-UNNAMED --add-opens=java.base/java.util.concurrent.atomic=ALL-UNNAMED -XX:MaxMetaspaceSize=384m -XX:+HeapDumpOnOutOfMemoryError -Xms256m -Xmx512m -Dfile.encoding=UTF-8 -Duser.country=CL -Duser.language=es -Duser.variant -javaagent:C:\Users\Isaac\.gradle\wrapper\dists\gradle-8.10.1-bin\e90i968nv55tch01zkse4avv3\gradle-8.10.1\lib\agents\gradle-instrumentation-agent-8.10.1.jar 
java_command: org.gradle.launcher.daemon.bootstrap.GradleDaemon 8.10.1
java_class_path (initial): C:\Users\Isaac\.gradle\wrapper\dists\gradle-8.10.1-bin\e90i968nv55tch01zkse4avv3\gradle-8.10.1\lib\gradle-daemon-main-8.10.1.jar
Launcher Type: SUN_STANDARD

[Global flags]
     intx CICompilerCount                          = 3                                         {product} {ergonomic}
   size_t CompressedClassSpaceSize                 = 335544320                                 {product} {ergonomic}
     uint ConcGCThreads                            = 1                                         {product} {ergonomic}
     uint G1ConcRefinementThreads                  = 4                                         {product} {ergonomic}
   size_t G1HeapRegionSize                         = 1048576                                   {product} {ergonomic}
     bool HeapDumpOnOutOfMemoryError               = true                                   {manageable} {command line}
   size_t InitialHeapSize                          = 268435456                                 {product} {command line}
   size_t MarkStackSize                            = 4194304                                   {product} {ergonomic}
   size_t MaxHeapSize                              = 536870912                                 {product} {command line}
   size_t MaxMetaspaceSize                         = 402653184                                 {product} {command line}
   size_t MaxNewSize                               = 321912832                                 {product} {ergonomic}
   size_t MinHeapDeltaBytes                        = 1048576                                   {product} {ergonomic}
   size_t MinHeapSize                              = 268435456                                 {product} {command line}
    uintx NonNMethodCodeHeapSize                   = 5832780                                {pd product} {ergonomic}
    uintx NonProfiledCodeHeapSize                  = 122912730                              {pd product} {ergonomic}
    uintx ProfiledCodeHeapSize                     = 122912730                              {pd product} {ergonomic}
    uintx ReservedCodeCacheSize                    = 251658240                              {pd product} {ergonomic}
     bool SegmentedCodeCache                       = true                                      {product} {ergonomic}
   size_t SoftMaxHeapSize                          = 536870912                              {manageable} {ergonomic}
     bool UseCompressedOops                        = true                           {product lp64_product} {ergonomic}
     bool UseG1GC                                  = true                                      {product} {ergonomic}
     bool UseLargePagesIndividualAllocation        = false                                  {pd product} {ergonomic}

Logging:
Log output configuration:
 #0: stdout all=warning uptime,level,tags foldmultilines=false
 #1: stderr all=off uptime,level,tags foldmultilines=false

Environment Variables:
PATH=C:\Windows\system32;C:\Windows;C:\Windows\System32\Wbem;C:\Windows\System32\WindowsPowerShell\v1.0\;C:\Windows\System32\OpenSSH\;C:\Program Files\NVIDIA Corporation\NVIDIA NvDLISR;C:\Program Files (x86)\NVIDIA Corporation\PhysX\Common;C:\Program Files\dotnet\;C:\Users\Isaac\AppData\Local\Microsoft\WindowsApps;C:\adb;C:\Program Files\Git\cmd;C:\Program Files\nodejs\;C:\ProgramData\chocolatey\bin;C:\Users\Isaac\AppData\Local\Programs\Python\Python312\Scripts\;C:\Users\Isaac\AppData\Local\Programs\Python\Python312\;C:\Users\Isaac\AppData\Local\Programs\Python\Launcher\;C:\Users\Isaac\AppData\Local\Microsoft\WindowsApps;C:\Users\Isaac\AppData\Local\JetBrains\Toolbox\scripts;C:\Users\Isaac\AppData\Local\Programs\Microsoft VS Code\bin;C:\Users\Isaac\AppData\Local\GitHubDesktop\bin;C:\Users\Isaac\AppData\Roaming\npm;C:\Users\Isaac\AppData\Local\Programs\Python\Python312\Scripts;C:\Users\Isaac\AppData\Local\Programs\Python\Python312;
USERNAME=Isaac
OS=Windows_NT
PROCESSOR_IDENTIFIER=AMD64 Family 23 Model 24 Stepping 1, AuthenticAMD
TMP=C:\Users\Isaac\AppData\Local\Temp
TEMP=C:\Users\Isaac\AppData\Local\Temp




Periodic native trim disabled

---------------  S Y S T E M  ---------------

OS:
 Windows 10 , 64 bit Build 19041 (10.0.19041.1202)
OS uptime: 1 days 13:09 hours

CPU: total 4 (initial active 4) (4 cores per cpu, 1 threads per core) family 23 model 24 stepping 1 microcode 0x0, cx8, cmov, fxsr, mmx, 3dnowpref, sse, sse2, sse3, ssse3, sse4a, sse4.1, sse4.2, popcnt, lzcnt, tsc, tscinvbit, avx, avx2, aes, clmul, bmi1, bmi2, adx, sha, fma, vzeroupper, clflush, clflushopt, rdtscp, f16c
Processor Information for all 4 processors :
  Max Mhz: 3800, Current Mhz: 3800, Mhz Limit: 3800

Memory: 4k page, system-wide physical 8138M (157M free)
TotalPageFile size 16330M (AvailPageFile size 9M)
current process WorkingSet (physical memory assigned to process): 255M, peak: 255M
current process commit charge ("private bytes"): 412M, peak: 412M

vm_info: OpenJDK 64-Bit Server VM (22.0.2+9-70) for windows-amd64 JRE (22.0.2+9-70), built on 2024-06-04T16:52:23Z by "mach5one" with MS VC++ 17.6 (VS2022)

END.
